2019-09-23 12:33:12,154|I|Thread-1|(DELAYED) nexial-core 2.6_0632 starting up...
2019-09-23 12:33:12,159|I|Thread-1|(DELAYED) data file resolved as C:\Users\UNNAMA~1.S\AppData\Local\Temp\rsaNE\orangehrm.data.xlsx
2019-09-23 12:33:12,159|I|Thread-1|(DELAYED) input files and output directory resolved...
2019-09-23 12:33:12,159|I|Thread-1|(DELAYED) No predefined nexial-setup found
2019-09-23 12:33:12,159|I|Thread-1|(DELAYED) [20190923_123311] [C:\projects\Automationprojects\artifact\script\orangehrm.xlsx] resolve RUN ID as 20190923_123311
2019-09-23 12:33:12,159|I|Thread-1|(DELAYED) [20190923_123311] [C:\projects\Automationprojects\artifact\script\orangehrm.xlsx] new thread started
2019-09-23 12:33:12,160|I|Thread-1|No predefined nexial-setup found
2019-09-23 12:33:12,294|I|Thread-1|outputBase not set; output-to-cloud DISABLED!
2019-09-23 12:33:12,295|I|Thread-1|accessKey not set; output-to-cloud DISABLED!
2019-09-23 12:33:12,296|I|Thread-1|secretKey not set; output-to-cloud DISABLED!
2019-09-23 12:33:12,331|I|Thread-1|missing REQUIRED configuration; sms DISABLED!
2019-09-23 12:33:13,249|I|Thread-1|[20190923_123311] executing C:\projects\Automationprojects\artifact\script\orangehrm.xlsx with 1 iteration(s)
2019-09-23 12:33:13,268|I|Thread-1|[20190923_123311] create directory C:\projects\Automationprojects\output\20190923_123311\captures
2019-09-23 12:33:13,269|I|Thread-1|[20190923_123311] create directory C:\projects\Automationprojects\output\20190923_123311\logs
2019-09-23 12:33:14,208|I|Thread-1|[20190923_123311] merging test data to tmp file C:\projects\Automationprojects\output\20190923_123311\orangehrm.20190923_123313.001.xlsx
2019-09-23 12:33:14,209|I|Thread-1|refetching data from C:\projects\Automationprojects\artifact\data\orangehrm.data.xlsx
2019-09-23 12:33:14,639|I|Thread-1|[20190923_123311] test script and test data merged to C:\projects\Automationprojects\output\20190923_123311\orangehrm.20190923_123313.001.xlsx
2019-09-23 12:33:15,463|I|Thread-1|STARTS
2019-09-23 12:33:15,493|I|Thread-1|orangehrm.20190923_123313.001 - executing iteration #1 of 1; Iteration Id 1
2019-09-23 12:33:15,493|I|Thread-1|orangehrm.20190923_123313.001|Scenario - executing test scenario
2019-09-23 12:33:15,493|I|Thread-1|orangehrm.20190923_123313.001|Scenario|Login - executing activity
2019-09-23 12:33:16,118|I|Thread-1|orangehrm.20190923_123313.001|Scenario|Login|#  5|web.open(url) - executing open(url)(${URLorangehrm})
2019-09-23 12:33:16,118|I|Thread-1|No valid instance of webdriver, initializing...
2019-09-23 12:33:16,118|I|Thread-1|init chrome
2019-09-23 12:33:19,472|I|Thread-1|browser initialization completed for 'chrome'
2019-09-23 12:33:19,532|I|Thread-1|setting browser polling wait time to 800 ms
2019-09-23 12:33:19,580|I|Thread-1|setting browser page load timeout to 10000 ms
2019-09-23 12:33:22,580|I|Thread-1|current browser window handle:CDwindow-D8636DE7E0AEB4EB581616CC16761C01
2019-09-23 12:33:23,107|I|Thread-1|orangehrm.20190923_123313.001|Scenario|Login|#  5|web.open(url) - PASS opened URL https://s2.demo.opensourcecms.com/orangehrm/symfony/web/index.php/auth/login
2019-09-23 12:33:23,715|I|Thread-1|orangehrm.20190923_123313.001|Scenario|Login|#  6|web.maximizeWindow() - executing maximizeWindow()()
2019-09-23 12:33:24,949|I|Thread-1|orangehrm.20190923_123313.001|Scenario|Login|#  6|web.maximizeWindow() - PASS browser window maximized
2019-09-23 12:33:25,553|I|Thread-1|orangehrm.20190923_123313.001|Scenario|Login|#  7|web.type(locator,value) - executing type(locator,value)(${loc.orangehrm.username}, ${username})
2019-09-23 12:33:26,217|I|Thread-1|orangehrm.20190923_123313.001|Scenario|Login|#  7|web.type(locator,value) - PASS typed text at '//input[@name='txtUsername']'
2019-09-23 12:33:26,825|I|Thread-1|orangehrm.20190923_123313.001|Scenario|Login|#  8|web.click(locator) - executing click(locator)(${loc.orangehrm.password})
2019-09-23 12:33:26,941|I|Thread-1|clicking '//input[@name='txtPassword']	'...
2019-09-23 12:33:27,013|I|Thread-1|click target via JS, @id=txtPassword
2019-09-23 12:33:27,124|I|Thread-1|clicked -> true
2019-09-23 12:33:27,128|I|Thread-1|orangehrm.20190923_123313.001|Scenario|Login|#  8|web.click(locator) - PASS click via JS event
2019-09-23 12:33:27,753|I|Thread-1|orangehrm.20190923_123313.001|Scenario|Login|#  9|web.type(locator,value) - executing type(locator,value)(${loc.orangehrm.password}, ${password})
2019-09-23 12:33:28,417|I|Thread-1|orangehrm.20190923_123313.001|Scenario|Login|#  9|web.type(locator,value) - PASS typed text at '//input[@name='txtPassword']	'
2019-09-23 12:33:29,022|I|Thread-1|orangehrm.20190923_123313.001|Scenario|Login|# 10|web.screenshot(file,locat - executing screenshot(file,locator)(${filepathorangehrm}, ${loc.orangehrm.password})
2019-09-23 12:33:30,489|I|Thread-1|orangehrm.20190923_123313.001|Scenario|Login|# 10|web.screenshot(file,locat - PASS Image captured for '//input[@name='txtPassword']	' to file 'C:\projects\orangehrm\artifact\screenshots\orangehrmpics.png'
2019-09-23 12:33:31,101|I|Thread-1|orangehrm.20190923_123313.001|Scenario|Login|# 11|web.click(locator) - executing click(locator)(${loc.orangehrm.click})
2019-09-23 12:33:31,204|I|Thread-1|clicking '//input[@class='button']'...
2019-09-23 12:33:31,266|I|Thread-1|click target via JS, @id=btnLogin
2019-09-23 12:33:34,250|I|Thread-1|clicked -> true
2019-09-23 12:33:34,253|I|Thread-1|orangehrm.20190923_123313.001|Scenario|Login|# 11|web.click(locator) - PASS click via JS event
2019-09-23 12:33:34,581|I|Thread-1|[orangehrm.20190923_123313.001|Scenario] saving test scenario
2019-09-23 12:33:34,789|I|Thread-1|[20190923_123311] 
/-TEST COMPLETE-----------------------------------------------------------------
| Test Output:    C:\projects\Automationprojects\output\20190923_123311\orangehrm.20190923_123313.001.xlsx
| Iteration:      1
\-------------------------------------------------------------------------------
» Execution Time: 19287 ms
» Test Steps:     7
» Error(s):       0



2019-09-23 12:33:37,687|I|Thread-1|[20190923_123311] 
/-TEST COMPLETE-----------------------------------------------------------------
| Test Script:    C:\projects\Automationprojects\artifact\script\orangehrm.xlsx
\-------------------------------------------------------------------------------
» Execution Time: 25804 ms
» Iterations:     [1] total 1
» Test Steps:     7
» Passed:         7
» Error(s):       0
» Iteration 1 of 1: C:\projects\Automationprojects\output\20190923_123311\orangehrm.20190923_123313.001.xlsx



2019-09-23 12:33:37,868|I|main|[20190923_123311] [C:\projects\Automationprojects\artifact\script\orangehrm.xlsx] now completed
2019-09-23 12:33:37,869|I|main|[20190923_123311] all execution thread(s) have terminated
2019-09-23 12:33:37,870|I|main|[20190923_123311] test run completed in about 26 seconds
2019-09-23 12:33:37,982|I|main|No predefined nexial-setup found
2019-09-23 12:33:38,057|I|main|outputBase not set; output-to-cloud DISABLED!
2019-09-23 12:33:38,058|I|main|accessKey not set; output-to-cloud DISABLED!
2019-09-23 12:33:38,059|I|main|secretKey not set; output-to-cloud DISABLED!
2019-09-23 12:33:38,062|I|main|generating HTML output for this execution to C:\projects\Automationprojects\output\20190923_123311\execution-output.html
2019-09-23 12:33:39,040|I|main|generating JUnit XML output for this execution to C:\projects\Automationprojects\output\20190923_123311\junit.xml
2019-09-23 12:33:39,104|I|main|generated JUnit report for this execution: C:\projects\Automationprojects\output\20190923_123311\junit.xml
2019-09-23 12:33:39,125|I|main|nexial mailer not enabled: nexial.enableEmail=false
2019-09-23 12:33:39,127|I|main|skipped email notification as configured
2019-09-23 12:33:39,129|I|main|exiting Nexial...
2019-09-23 12:33:39,130|I|main|shutdown starts...
2019-09-23 12:33:39,131|I|main|Shutting down 'chrome' webdriver...
2019-09-23 12:33:43,065|I|main|shutdown ends...
2019-09-23 12:33:43,072|I|main|

/-END OF EXECUTION--------------------------------------------------------------
| » Execution Time: 26 sec.
| » Test Steps....: 7
| » Passed........: 7
| » Failed........: 0
| » Success Rate..: 100.00%
\----------------------------------------------------------nexial-core 2.6_0632-

2019-09-23 12:33:43,080|I|main|ALL PASSED!
2019-09-23 12:33:43,084|I|main|End of Execution:
NEXIAL_OUTPUT:         C:\projects\Automationprojects\output\20190923_123311
NEXIAL_EXECUTION_HTML: C:\projects\Automationprojects\output\20190923_123311\execution-output.html
NEXIAL_JUNIT_XML:      C:\projects\Automationprojects\output\20190923_123311\junit.xml
NEXIAL_SUCCESS_RATE:   100.00%
NEXIAL_EXIT_STATUS:    0
