2019-09-23 18:05:42,056|I|Thread-1|(DELAYED) nexial-core 2.6_0632 starting up...
2019-09-23 18:05:42,064|I|Thread-1|(DELAYED) data file resolved as C:\Users\UNNAMA~1.S\AppData\Local\Temp\dkTOE\BaseCommand.data.xlsx
2019-09-23 18:05:42,064|I|Thread-1|(DELAYED) input files and output directory resolved...
2019-09-23 18:05:42,064|I|Thread-1|(DELAYED) No predefined nexial-setup found
2019-09-23 18:05:42,064|I|Thread-1|(DELAYED) [20190923_180541] [C:\projects\Automationprojects\artifact\script\BaseCommand.xlsx] resolve RUN ID as 20190923_180541
2019-09-23 18:05:42,064|I|Thread-1|(DELAYED) [20190923_180541] [C:\projects\Automationprojects\artifact\script\BaseCommand.xlsx] new thread started
2019-09-23 18:05:42,064|I|Thread-1|No predefined nexial-setup found
2019-09-23 18:05:42,194|I|Thread-1|outputBase not set; output-to-cloud DISABLED!
2019-09-23 18:05:42,196|I|Thread-1|accessKey not set; output-to-cloud DISABLED!
2019-09-23 18:05:42,199|I|Thread-1|secretKey not set; output-to-cloud DISABLED!
2019-09-23 18:05:42,244|I|Thread-1|missing REQUIRED configuration; sms DISABLED!
2019-09-23 18:05:43,387|I|Thread-1|[20190923_180541] executing C:\projects\Automationprojects\artifact\script\BaseCommand.xlsx with 1 iteration(s)
2019-09-23 18:05:43,450|I|Thread-1|[20190923_180541] create directory C:\projects\Automationprojects\output\20190923_180541\captures
2019-09-23 18:05:43,489|I|Thread-1|[20190923_180541] create directory C:\projects\Automationprojects\output\20190923_180541\logs
2019-09-23 18:05:44,465|I|Thread-1|[20190923_180541] merging test data to tmp file C:\projects\Automationprojects\output\20190923_180541\BaseCommand.20190923_180543.001.xlsx
2019-09-23 18:05:44,467|I|Thread-1|refetching data from C:\projects\Automationprojects\artifact\data\BaseCommand.data.xlsx
2019-09-23 18:05:44,931|I|Thread-1|[20190923_180541] test script and test data merged to C:\projects\Automationprojects\output\20190923_180541\BaseCommand.20190923_180543.001.xlsx
2019-09-23 18:05:45,896|I|Thread-1|STARTS
2019-09-23 18:05:45,940|I|Thread-1|BaseCommand.20190923_180543.001 - executing iteration #1 of 1; Iteration Id 1
2019-09-23 18:05:45,958|I|Thread-1|BaseCommand.20190923_180543.001|Scenario - executing test scenario
2019-09-23 18:05:45,965|I|Thread-1|BaseCommand.20190923_180543.001|Scenario|base - executing activity
2019-09-23 18:05:46,572|I|Thread-1|BaseCommand.20190923_180543.001|Scenario|base|#  5|base.appendText(var,appen - executing appendText(var,appendWith)(var, sxax,xsx,sxsx)
2019-09-23 18:05:46,581|I|Thread-1|BaseCommand.20190923_180543.001|Scenario|base|#  5|base.appendText(var,appen - PASS appended 'sxax,xsx,sxsx' to ${var}
2019-09-23 18:05:47,186|I|Thread-1|BaseCommand.20190923_180543.001|Scenario|base|#  6|base.assertEqual(expected - executing assertEqual(expected,actual)(${var}, sxax,xsx,sxsx)
2019-09-23 18:05:47,410|I|Thread-1|BaseCommand.20190923_180543.001|Scenario|base|#  6|base.assertEqual(expected - PASS validated EXPECTED = ACTUAL; 'sxax,xsx,sxsx' = 'sxax,xsx,sxsx'
2019-09-23 18:05:48,014|I|Thread-1|BaseCommand.20190923_180543.001|Scenario|base|#  7|base.save(var,value) - executing save(var,value)(var1, ${var2})
2019-09-23 18:05:48,039|I|Thread-1|BaseCommand.20190923_180543.001|Scenario|base|#  7|base.save(var,value) - PASS stored 'unna' as ${var1}
2019-09-23 18:05:48,643|I|Thread-1|BaseCommand.20190923_180543.001|Scenario|base|#  8|base.assertEqual(expected - executing assertEqual(expected,actual)(${var1}, unna)
2019-09-23 18:05:48,658|I|Thread-1|BaseCommand.20190923_180543.001|Scenario|base|#  8|base.assertEqual(expected - PASS validated EXPECTED = ACTUAL; 'unna' = 'unna'
2019-09-23 18:05:49,277|I|Thread-1|BaseCommand.20190923_180543.001|Scenario|base|#  9|base.prependText(var,prep - executing prependText(var,prependWith)(var1, senthil,)
2019-09-23 18:05:49,300|I|Thread-1|BaseCommand.20190923_180543.001|Scenario|base|#  9|base.prependText(var,prep - PASS prepend 'senthil, to ${var1}
2019-09-23 18:05:49,904|I|Thread-1|BaseCommand.20190923_180543.001|Scenario|base|# 10|base.appendText(var,appen - executing appendText(var,appendWith)(var1, !!!)
2019-09-23 18:05:49,914|I|Thread-1|BaseCommand.20190923_180543.001|Scenario|base|# 10|base.appendText(var,appen - PASS appended '!!!' to ${var1}
2019-09-23 18:05:50,529|I|Thread-1|BaseCommand.20190923_180543.001|Scenario|base|# 11|base.assertEqual(expected - executing assertEqual(expected,actual)(${var1}, senthil,unna!!!)
2019-09-23 18:05:50,544|I|Thread-1|BaseCommand.20190923_180543.001|Scenario|base|# 11|base.assertEqual(expected - PASS validated EXPECTED = ACTUAL; 'senthil,unna!!!' = 'senthil,unna!!!'
2019-09-23 18:05:51,155|I|Thread-1|BaseCommand.20190923_180543.001|Scenario|base|# 12|base.verbose(text) - executing verbose(text)(Hello ${var1})
2019-09-23 18:05:51,169|I|Thread-1|BaseCommand.20190923_180543.001|Scenario|base|# 12|base.verbose(text) - Hello senthil,unna!!!
2019-09-23 18:05:51,182|I|Thread-1|BaseCommand.20190923_180543.001|Scenario|base|# 12|base.verbose(text) - PASS 
2019-09-23 18:05:51,336|I|Thread-1|[BaseCommand.20190923_180543.001|Scenario] saving test scenario
2019-09-23 18:05:51,451|I|Thread-1|[20190923_180541] 
/-TEST COMPLETE-----------------------------------------------------------------
| Test Output:    C:\projects\Automationprojects\output\20190923_180541\BaseCommand.20190923_180543.001.xlsx
| Iteration:      1
\-------------------------------------------------------------------------------
» Execution Time: 5490 ms
» Test Steps:     8
» Error(s):       0



2019-09-23 18:05:53,448|I|Thread-1|[20190923_180541] 
/-TEST COMPLETE-----------------------------------------------------------------
| Test Script:    C:\projects\Automationprojects\artifact\script\BaseCommand.xlsx
\-------------------------------------------------------------------------------
» Execution Time: 11670 ms
» Iterations:     [1] total 1
» Test Steps:     8
» Passed:         8
» Error(s):       0
» Iteration 1 of 1: C:\projects\Automationprojects\output\20190923_180541\BaseCommand.20190923_180543.001.xlsx



2019-09-23 18:05:53,704|I|main|[20190923_180541] [C:\projects\Automationprojects\artifact\script\BaseCommand.xlsx] now completed
2019-09-23 18:05:53,708|I|main|[20190923_180541] all execution thread(s) have terminated
2019-09-23 18:05:53,711|I|main|[20190923_180541] test run completed in about 12 seconds
2019-09-23 18:05:53,823|I|main|No predefined nexial-setup found
2019-09-23 18:05:53,874|I|main|outputBase not set; output-to-cloud DISABLED!
2019-09-23 18:05:53,875|I|main|accessKey not set; output-to-cloud DISABLED!
2019-09-23 18:05:53,877|I|main|secretKey not set; output-to-cloud DISABLED!
2019-09-23 18:05:53,878|I|main|generating HTML output for this execution to C:\projects\Automationprojects\output\20190923_180541\execution-output.html
2019-09-23 18:05:54,555|I|main|generating JUnit XML output for this execution to C:\projects\Automationprojects\output\20190923_180541\junit.xml
2019-09-23 18:05:54,592|I|main|generated JUnit report for this execution: C:\projects\Automationprojects\output\20190923_180541\junit.xml
2019-09-23 18:05:54,607|I|main|nexial mailer not enabled: nexial.enableEmail=false
2019-09-23 18:05:54,609|I|main|skipped email notification as configured
2019-09-23 18:05:54,616|I|main|exiting Nexial...
2019-09-23 18:05:54,622|I|main|

/-END OF EXECUTION--------------------------------------------------------------
| » Execution Time: 12 sec.
| » Test Steps....: 8
| » Passed........: 8
| » Failed........: 0
| » Success Rate..: 100.00%
\----------------------------------------------------------nexial-core 2.6_0632-

2019-09-23 18:05:54,623|I|main|ALL PASSED!
2019-09-23 18:05:54,630|I|main|End of Execution:
NEXIAL_OUTPUT:         C:\projects\Automationprojects\output\20190923_180541
NEXIAL_EXECUTION_HTML: C:\projects\Automationprojects\output\20190923_180541\execution-output.html
NEXIAL_JUNIT_XML:      C:\projects\Automationprojects\output\20190923_180541\junit.xml
NEXIAL_SUCCESS_RATE:   100.00%
NEXIAL_EXIT_STATUS:    0
