2019-09-23 11:37:59,221|I|Thread-1|(DELAYED) nexial-core 2.6_0632 starting up...
2019-09-23 11:37:59,228|I|Thread-1|(DELAYED) data file resolved as C:\Users\UNNAMA~1.S\AppData\Local\Temp\gkRCp\EmployeeDetails.data.xlsx
2019-09-23 11:37:59,228|I|Thread-1|(DELAYED) input files and output directory resolved...
2019-09-23 11:37:59,228|I|Thread-1|(DELAYED) No predefined nexial-setup found
2019-09-23 11:37:59,228|I|Thread-1|(DELAYED) [20190923_113758] [C:\projects\Automationprojects\artifact\script\EmployeeDetails.xlsx] resolve RUN ID as 20190923_113758
2019-09-23 11:37:59,228|I|Thread-1|(DELAYED) [20190923_113758] [C:\projects\Automationprojects\artifact\script\EmployeeDetails.xlsx] new thread started
2019-09-23 11:37:59,228|I|Thread-1|No predefined nexial-setup found
2019-09-23 11:37:59,345|I|Thread-1|outputBase not set; output-to-cloud DISABLED!
2019-09-23 11:37:59,347|I|Thread-1|accessKey not set; output-to-cloud DISABLED!
2019-09-23 11:37:59,348|I|Thread-1|secretKey not set; output-to-cloud DISABLED!
2019-09-23 11:37:59,393|I|Thread-1|missing REQUIRED configuration; sms DISABLED!
2019-09-23 11:38:00,429|I|Thread-1|[20190923_113758] executing C:\projects\Automationprojects\artifact\script\EmployeeDetails.xlsx with 1 iteration(s)
2019-09-23 11:38:00,452|I|Thread-1|[20190923_113758] create directory C:\projects\Automationprojects\output\20190923_113758\captures
2019-09-23 11:38:00,455|I|Thread-1|[20190923_113758] create directory C:\projects\Automationprojects\output\20190923_113758\logs
2019-09-23 11:38:01,265|I|Thread-1|[20190923_113758] merging test data to tmp file C:\projects\Automationprojects\output\20190923_113758\EmployeeDetails.20190923_113800.001.xlsx
2019-09-23 11:38:01,267|I|Thread-1|refetching data from C:\projects\Automationprojects\artifact\data\EmployeeDetails.data.xlsx
2019-09-23 11:38:01,641|I|Thread-1|[20190923_113758] test script and test data merged to C:\projects\Automationprojects\output\20190923_113758\EmployeeDetails.20190923_113800.001.xlsx
2019-09-23 11:38:02,642|I|Thread-1|STARTS
2019-09-23 11:38:02,667|I|Thread-1|EmployeeDetails.20190923_113800.001 - executing iteration #1 of 1; Iteration Id 1
2019-09-23 11:38:02,680|I|Thread-1|EmployeeDetails.20190923_113800.001|Scenario - executing test scenario
2019-09-23 11:38:02,682|I|Thread-1|EmployeeDetails.20190923_113800.001|Scenario|Read Data - executing activity
2019-09-23 11:38:03,285|I|Thread-1|EmployeeDetails.20190923_113800.001|Scenario|Read Data|#  5|csv.fromExcel(excel,works - executing fromExcel(excel,worksheet,csvFile)(${excelsheetpath}, ${sheetname}, ${csvfilepath})
2019-09-23 11:38:03,534|E|Thread-1|EmployeeDetails.20190923_113800.001|Scenario|Read Data|#  5|csv.fromExcel(excel,works - FAIL invalid worksheet: {}
2019-09-23 11:38:03,665|I|Thread-1|[EmployeeDetails.20190923_113800.001|Scenario] saving test scenario
2019-09-23 11:38:03,822|I|Thread-1|[20190923_113758] 
/-TEST COMPLETE-----------------------------------------------------------------
| Test Output:    C:\projects\Automationprojects\output\20190923_113758\EmployeeDetails.20190923_113800.001.xlsx
| Iteration:      1
\-------------------------------------------------------------------------------
» Execution Time: 1138 ms
» Test Steps:     1
» Error(s):       1



2019-09-23 11:38:06,090|I|Thread-1|[20190923_113758] 
/-TEST COMPLETE-----------------------------------------------------------------
| Test Script:    C:\projects\Automationprojects\artifact\script\EmployeeDetails.xlsx
\-------------------------------------------------------------------------------
» Execution Time: 7115 ms
» Iterations:     [1] total 1
» Test Steps:     1
» Passed:         0
» Error(s):       1
» Iteration 1 of 1: C:\projects\Automationprojects\output\20190923_113758\EmployeeDetails.20190923_113800.001.xlsx



2019-09-23 11:38:06,899|I|main|[20190923_113758] [C:\projects\Automationprojects\artifact\script\EmployeeDetails.xlsx] now completed
2019-09-23 11:38:06,902|I|main|[20190923_113758] all execution thread(s) have terminated
2019-09-23 11:38:06,906|I|main|[20190923_113758] test run completed in about 8 seconds
2019-09-23 11:38:07,016|I|main|No predefined nexial-setup found
2019-09-23 11:38:07,063|I|main|outputBase not set; output-to-cloud DISABLED!
2019-09-23 11:38:07,064|I|main|accessKey not set; output-to-cloud DISABLED!
2019-09-23 11:38:07,065|I|main|secretKey not set; output-to-cloud DISABLED!
2019-09-23 11:38:07,067|I|main|generating HTML output for this execution to C:\projects\Automationprojects\output\20190923_113758\execution-output.html
2019-09-23 11:38:07,947|I|main|generating JUnit XML output for this execution to C:\projects\Automationprojects\output\20190923_113758\junit.xml
2019-09-23 11:38:07,997|I|main|generated JUnit report for this execution: C:\projects\Automationprojects\output\20190923_113758\junit.xml
2019-09-23 11:38:08,018|I|main|nexial mailer not enabled: nexial.enableEmail=false
2019-09-23 11:38:08,019|I|main|skipped email notification as configured
2019-09-23 11:38:08,023|I|main|exiting Nexial...
2019-09-23 11:38:08,033|I|main|

/-END OF EXECUTION--------------------------------------------------------------
| » Execution Time: 8 sec.
| » Test Steps....: 1
| » Passed........: 0
| » Failed........: 1
| » Success Rate..: 0.00%
\----------------------------------------------------------nexial-core 2.6_0632-

2019-09-23 11:38:08,035|E|main|failure found; success rate is 0.00%
2019-09-23 11:38:08,037|I|main|End of Execution:
NEXIAL_OUTPUT:         C:\projects\Automationprojects\output\20190923_113758
NEXIAL_EXECUTION_HTML: C:\projects\Automationprojects\output\20190923_113758\execution-output.html
NEXIAL_JUNIT_XML:      C:\projects\Automationprojects\output\20190923_113758\junit.xml
NEXIAL_SUCCESS_RATE:   0.00%
NEXIAL_EXIT_STATUS:    -13
