2019-09-23 18:10:12,432|I|Thread-1|(DELAYED) nexial-core 2.6_0632 starting up...
2019-09-23 18:10:12,436|I|Thread-1|(DELAYED) data file resolved as C:\Users\UNNAMA~1.S\AppData\Local\Temp\WElAr\BaseCommand.data.xlsx
2019-09-23 18:10:12,436|I|Thread-1|(DELAYED) input files and output directory resolved...
2019-09-23 18:10:12,436|I|Thread-1|(DELAYED) No predefined nexial-setup found
2019-09-23 18:10:12,436|I|Thread-1|(DELAYED) [20190923_181012] [C:\projects\Automationprojects\artifact\script\BaseCommand.xlsx] resolve RUN ID as 20190923_181012
2019-09-23 18:10:12,437|I|Thread-1|(DELAYED) [20190923_181012] [C:\projects\Automationprojects\artifact\script\BaseCommand.xlsx] new thread started
2019-09-23 18:10:12,437|I|Thread-1|No predefined nexial-setup found
2019-09-23 18:10:12,559|I|Thread-1|outputBase not set; output-to-cloud DISABLED!
2019-09-23 18:10:12,560|I|Thread-1|accessKey not set; output-to-cloud DISABLED!
2019-09-23 18:10:12,561|I|Thread-1|secretKey not set; output-to-cloud DISABLED!
2019-09-23 18:10:12,603|I|Thread-1|missing REQUIRED configuration; sms DISABLED!
2019-09-23 18:10:13,563|I|Thread-1|[20190923_181012] executing C:\projects\Automationprojects\artifact\script\BaseCommand.xlsx with 1 iteration(s)
2019-09-23 18:10:13,570|I|Thread-1|[20190923_181012] create directory C:\projects\Automationprojects\output\20190923_181012\captures
2019-09-23 18:10:13,571|I|Thread-1|[20190923_181012] create directory C:\projects\Automationprojects\output\20190923_181012\logs
2019-09-23 18:10:14,300|I|Thread-1|[20190923_181012] merging test data to tmp file C:\projects\Automationprojects\output\20190923_181012\BaseCommand.20190923_181013.001.xlsx
2019-09-23 18:10:14,302|I|Thread-1|refetching data from C:\projects\Automationprojects\artifact\data\BaseCommand.data.xlsx
2019-09-23 18:10:14,705|I|Thread-1|[20190923_181012] test script and test data merged to C:\projects\Automationprojects\output\20190923_181012\BaseCommand.20190923_181013.001.xlsx
2019-09-23 18:10:15,599|I|Thread-1|STARTS
2019-09-23 18:10:15,630|I|Thread-1|BaseCommand.20190923_181013.001 - executing iteration #1 of 1; Iteration Id 1
2019-09-23 18:10:15,640|I|Thread-1|BaseCommand.20190923_181013.001|Scenario - executing test scenario
2019-09-23 18:10:15,643|I|Thread-1|BaseCommand.20190923_181013.001|Scenario|base - executing activity
2019-09-23 18:10:16,247|I|Thread-1|BaseCommand.20190923_181013.001|Scenario|base|#  5|base.save(var,value) - executing save(var,value)(var1, ${var2})
2019-09-23 18:10:16,433|I|Thread-1|BaseCommand.20190923_181013.001|Scenario|base|#  5|base.save(var,value) - PASS stored 'unna' as ${var1}
2019-09-23 18:10:17,037|I|Thread-1|BaseCommand.20190923_181013.001|Scenario|base|#  6|base.assertEqual(expected - executing assertEqual(expected,actual)(${var1}, unna)
2019-09-23 18:10:17,059|I|Thread-1|BaseCommand.20190923_181013.001|Scenario|base|#  6|base.assertEqual(expected - PASS validated EXPECTED = ACTUAL; 'unna' = 'unna'
2019-09-23 18:10:17,681|I|Thread-1|BaseCommand.20190923_181013.001|Scenario|base|#  7|base.prependText(var,prep - executing prependText(var,prependWith)(var1, senthil,)
2019-09-23 18:10:17,701|I|Thread-1|BaseCommand.20190923_181013.001|Scenario|base|#  7|base.prependText(var,prep - PASS prepend 'senthil, to ${var1}
2019-09-23 18:10:18,309|I|Thread-1|BaseCommand.20190923_181013.001|Scenario|base|#  8|base.appendText(var,appen - executing appendText(var,appendWith)(var1, !!!)
2019-09-23 18:10:18,321|I|Thread-1|BaseCommand.20190923_181013.001|Scenario|base|#  8|base.appendText(var,appen - PASS appended '!!!' to ${var1}
2019-09-23 18:10:18,938|I|Thread-1|BaseCommand.20190923_181013.001|Scenario|base|#  9|base.verbose(text) - executing verbose(text)(Hello ${var1})
2019-09-23 18:10:18,955|I|Thread-1|BaseCommand.20190923_181013.001|Scenario|base|#  9|base.verbose(text) - Hello senthil,unna!!!
2019-09-23 18:10:18,980|I|Thread-1|BaseCommand.20190923_181013.001|Scenario|base|#  9|base.verbose(text) - PASS 
2019-09-23 18:10:19,185|I|Thread-1|[BaseCommand.20190923_181013.001|Scenario] saving test scenario
2019-09-23 18:10:19,305|I|Thread-1|[20190923_181012] 
/-TEST COMPLETE-----------------------------------------------------------------
| Test Output:    C:\projects\Automationprojects\output\20190923_181012\BaseCommand.20190923_181013.001.xlsx
| Iteration:      1
\-------------------------------------------------------------------------------
» Execution Time: 3660 ms
» Test Steps:     5
» Error(s):       0



2019-09-23 18:10:21,303|I|Thread-1|[20190923_181012] 
/-TEST COMPLETE-----------------------------------------------------------------
| Test Script:    C:\projects\Automationprojects\artifact\script\BaseCommand.xlsx
\-------------------------------------------------------------------------------
» Execution Time: 9048 ms
» Iterations:     [1] total 1
» Test Steps:     5
» Passed:         5
» Error(s):       0
» Iteration 1 of 1: C:\projects\Automationprojects\output\20190923_181012\BaseCommand.20190923_181013.001.xlsx



2019-09-23 18:10:22,170|I|main|[20190923_181012] [C:\projects\Automationprojects\artifact\script\BaseCommand.xlsx] now completed
2019-09-23 18:10:22,175|I|main|[20190923_181012] all execution thread(s) have terminated
2019-09-23 18:10:22,178|I|main|[20190923_181012] test run completed in about 10 seconds
2019-09-23 18:10:22,287|I|main|No predefined nexial-setup found
2019-09-23 18:10:22,339|I|main|outputBase not set; output-to-cloud DISABLED!
2019-09-23 18:10:22,340|I|main|accessKey not set; output-to-cloud DISABLED!
2019-09-23 18:10:22,341|I|main|secretKey not set; output-to-cloud DISABLED!
2019-09-23 18:10:22,342|I|main|generating HTML output for this execution to C:\projects\Automationprojects\output\20190923_181012\execution-output.html
2019-09-23 18:10:23,070|I|main|generating JUnit XML output for this execution to C:\projects\Automationprojects\output\20190923_181012\junit.xml
2019-09-23 18:10:23,116|I|main|generated JUnit report for this execution: C:\projects\Automationprojects\output\20190923_181012\junit.xml
2019-09-23 18:10:23,136|I|main|nexial mailer not enabled: nexial.enableEmail=false
2019-09-23 18:10:23,137|I|main|skipped email notification as configured
2019-09-23 18:10:23,139|I|main|exiting Nexial...
2019-09-23 18:10:23,141|I|main|

/-END OF EXECUTION--------------------------------------------------------------
| » Execution Time: 10 sec.
| » Test Steps....: 5
| » Passed........: 5
| » Failed........: 0
| » Success Rate..: 100.00%
\----------------------------------------------------------nexial-core 2.6_0632-

2019-09-23 18:10:23,143|I|main|ALL PASSED!
2019-09-23 18:10:23,146|I|main|End of Execution:
NEXIAL_OUTPUT:         C:\projects\Automationprojects\output\20190923_181012
NEXIAL_EXECUTION_HTML: C:\projects\Automationprojects\output\20190923_181012\execution-output.html
NEXIAL_JUNIT_XML:      C:\projects\Automationprojects\output\20190923_181012\junit.xml
NEXIAL_SUCCESS_RATE:   100.00%
NEXIAL_EXIT_STATUS:    0
