2019-09-23 17:40:58,792|I|Thread-1|(DELAYED) nexial-core 2.6_0632 starting up...
2019-09-23 17:40:58,797|I|Thread-1|(DELAYED) data file resolved as C:\Users\UNNAMA~1.S\AppData\Local\Temp\slAni\BaseCommand.data.xlsx
2019-09-23 17:40:58,797|I|Thread-1|(DELAYED) input files and output directory resolved...
2019-09-23 17:40:58,797|I|Thread-1|(DELAYED) No predefined nexial-setup found
2019-09-23 17:40:58,797|I|Thread-1|(DELAYED) [20190923_174058] [C:\projects\Automationprojects\artifact\script\BaseCommand.xlsx] resolve RUN ID as 20190923_174058
2019-09-23 17:40:58,797|I|Thread-1|(DELAYED) [20190923_174058] [C:\projects\Automationprojects\artifact\script\BaseCommand.xlsx] new thread started
2019-09-23 17:40:58,798|I|Thread-1|No predefined nexial-setup found
2019-09-23 17:40:58,896|I|Thread-1|outputBase not set; output-to-cloud DISABLED!
2019-09-23 17:40:58,897|I|Thread-1|accessKey not set; output-to-cloud DISABLED!
2019-09-23 17:40:58,898|I|Thread-1|secretKey not set; output-to-cloud DISABLED!
2019-09-23 17:40:58,930|I|Thread-1|missing REQUIRED configuration; sms DISABLED!
2019-09-23 17:40:59,862|I|Thread-1|[20190923_174058] executing C:\projects\Automationprojects\artifact\script\BaseCommand.xlsx with 1 iteration(s)
2019-09-23 17:40:59,882|I|Thread-1|[20190923_174058] create directory C:\projects\Automationprojects\output\20190923_174058\captures
2019-09-23 17:40:59,891|I|Thread-1|[20190923_174058] create directory C:\projects\Automationprojects\output\20190923_174058\logs
2019-09-23 17:41:00,959|I|Thread-1|[20190923_174058] merging test data to tmp file C:\projects\Automationprojects\output\20190923_174058\BaseCommand.20190923_174059.001.xlsx
2019-09-23 17:41:00,961|I|Thread-1|refetching data from C:\projects\Automationprojects\artifact\data\BaseCommand.data.xlsx
2019-09-23 17:41:01,419|I|Thread-1|[20190923_174058] test script and test data merged to C:\projects\Automationprojects\output\20190923_174058\BaseCommand.20190923_174059.001.xlsx
2019-09-23 17:41:02,400|I|Thread-1|STARTS
2019-09-23 17:41:02,435|I|Thread-1|BaseCommand.20190923_174059.001 - executing iteration #1 of 1; Iteration Id 1
2019-09-23 17:41:02,451|I|Thread-1|BaseCommand.20190923_174059.001|Scenario - executing test scenario
2019-09-23 17:41:02,453|I|Thread-1|BaseCommand.20190923_174059.001|Scenario|base - executing activity
2019-09-23 17:41:03,059|I|Thread-1|BaseCommand.20190923_174059.001|Scenario|base|#  5|base.appendText(var,appen - executing appendText(var,appendWith)(var, sxax,xsx,sxsx)
2019-09-23 17:41:03,068|I|Thread-1|BaseCommand.20190923_174059.001|Scenario|base|#  5|base.appendText(var,appen - PASS appended 'sxax,xsx,sxsx' to ${var}
2019-09-23 17:41:03,674|I|Thread-1|BaseCommand.20190923_174059.001|Scenario|base|#  6|base.assertEqual(expected - executing assertEqual(expected,actual)(${var}, sxax,xsx,sxsx)
2019-09-23 17:41:03,918|I|Thread-1|BaseCommand.20190923_174059.001|Scenario|base|#  6|base.assertEqual(expected - PASS validated EXPECTED = ACTUAL; 'sxax,xsx,sxsx' = 'sxax,xsx,sxsx'
2019-09-23 17:41:04,048|I|Thread-1|[BaseCommand.20190923_174059.001|Scenario] saving test scenario
2019-09-23 17:41:04,167|I|Thread-1|[20190923_174058] 
/-TEST COMPLETE-----------------------------------------------------------------
| Test Output:    C:\projects\Automationprojects\output\20190923_174058\BaseCommand.20190923_174059.001.xlsx
| Iteration:      1
\-------------------------------------------------------------------------------
» Execution Time: 1710 ms
» Test Steps:     2
» Error(s):       0



2019-09-23 17:41:06,052|I|Thread-1|[20190923_174058] 
/-TEST COMPLETE-----------------------------------------------------------------
| Test Script:    C:\projects\Automationprojects\artifact\script\BaseCommand.xlsx
\-------------------------------------------------------------------------------
» Execution Time: 7461 ms
» Iterations:     [1] total 1
» Test Steps:     2
» Passed:         2
» Error(s):       0
» Iteration 1 of 1: C:\projects\Automationprojects\output\20190923_174058\BaseCommand.20190923_174059.001.xlsx



2019-09-23 17:41:06,511|I|main|[20190923_174058] [C:\projects\Automationprojects\artifact\script\BaseCommand.xlsx] now completed
2019-09-23 17:41:06,515|I|main|[20190923_174058] all execution thread(s) have terminated
2019-09-23 17:41:06,519|I|main|[20190923_174058] test run completed in about 8 seconds
2019-09-23 17:41:06,646|I|main|No predefined nexial-setup found
2019-09-23 17:41:06,687|I|main|outputBase not set; output-to-cloud DISABLED!
2019-09-23 17:41:06,688|I|main|accessKey not set; output-to-cloud DISABLED!
2019-09-23 17:41:06,690|I|main|secretKey not set; output-to-cloud DISABLED!
2019-09-23 17:41:06,701|I|main|generating HTML output for this execution to C:\projects\Automationprojects\output\20190923_174058\execution-output.html
2019-09-23 17:41:07,350|I|main|generating JUnit XML output for this execution to C:\projects\Automationprojects\output\20190923_174058\junit.xml
2019-09-23 17:41:07,388|I|main|generated JUnit report for this execution: C:\projects\Automationprojects\output\20190923_174058\junit.xml
2019-09-23 17:41:07,402|I|main|nexial mailer not enabled: nexial.enableEmail=false
2019-09-23 17:41:07,403|I|main|skipped email notification as configured
2019-09-23 17:41:07,413|I|main|exiting Nexial...
2019-09-23 17:41:07,419|I|main|

/-END OF EXECUTION--------------------------------------------------------------
| » Execution Time: 8 sec.
| » Test Steps....: 2
| » Passed........: 2
| » Failed........: 0
| » Success Rate..: 100.00%
\----------------------------------------------------------nexial-core 2.6_0632-

2019-09-23 17:41:07,420|I|main|ALL PASSED!
2019-09-23 17:41:07,428|I|main|End of Execution:
NEXIAL_OUTPUT:         C:\projects\Automationprojects\output\20190923_174058
NEXIAL_EXECUTION_HTML: C:\projects\Automationprojects\output\20190923_174058\execution-output.html
NEXIAL_JUNIT_XML:      C:\projects\Automationprojects\output\20190923_174058\junit.xml
NEXIAL_SUCCESS_RATE:   100.00%
NEXIAL_EXIT_STATUS:    0
