2019-09-23 11:52:37,599|I|Thread-1|(DELAYED) nexial-core 2.6_0632 starting up...
2019-09-23 11:52:37,604|I|Thread-1|(DELAYED) data file resolved as C:\Users\UNNAMA~1.S\AppData\Local\Temp\fBFdd\EmployeeDetails.data.xlsx
2019-09-23 11:52:37,604|I|Thread-1|(DELAYED) input files and output directory resolved...
2019-09-23 11:52:37,604|I|Thread-1|(DELAYED) No predefined nexial-setup found
2019-09-23 11:52:37,604|I|Thread-1|(DELAYED) [20190923_115237] [C:\projects\Automationprojects\artifact\script\EmployeeDetails.xlsx] resolve RUN ID as 20190923_115237
2019-09-23 11:52:37,604|I|Thread-1|(DELAYED) [20190923_115237] [C:\projects\Automationprojects\artifact\script\EmployeeDetails.xlsx] new thread started
2019-09-23 11:52:37,605|I|Thread-1|No predefined nexial-setup found
2019-09-23 11:52:37,701|I|Thread-1|outputBase not set; output-to-cloud DISABLED!
2019-09-23 11:52:37,702|I|Thread-1|accessKey not set; output-to-cloud DISABLED!
2019-09-23 11:52:37,703|I|Thread-1|secretKey not set; output-to-cloud DISABLED!
2019-09-23 11:52:37,740|I|Thread-1|missing REQUIRED configuration; sms DISABLED!
2019-09-23 11:52:38,695|I|Thread-1|[20190923_115237] executing C:\projects\Automationprojects\artifact\script\EmployeeDetails.xlsx with 1 iteration(s)
2019-09-23 11:52:38,705|I|Thread-1|[20190923_115237] create directory C:\projects\Automationprojects\output\20190923_115237\captures
2019-09-23 11:52:38,708|I|Thread-1|[20190923_115237] create directory C:\projects\Automationprojects\output\20190923_115237\logs
2019-09-23 11:52:39,549|I|Thread-1|[20190923_115237] merging test data to tmp file C:\projects\Automationprojects\output\20190923_115237\EmployeeDetails.20190923_115238.001.xlsx
2019-09-23 11:52:39,552|I|Thread-1|refetching data from C:\projects\Automationprojects\artifact\data\EmployeeDetails.data.xlsx
2019-09-23 11:52:39,941|I|Thread-1|[20190923_115237] test script and test data merged to C:\projects\Automationprojects\output\20190923_115237\EmployeeDetails.20190923_115238.001.xlsx
2019-09-23 11:52:41,220|I|Thread-1|STARTS
2019-09-23 11:52:41,253|I|Thread-1|EmployeeDetails.20190923_115238.001 - executing iteration #1 of 1; Iteration Id 1
2019-09-23 11:52:41,268|I|Thread-1|EmployeeDetails.20190923_115238.001|Scenario - executing test scenario
2019-09-23 11:52:41,271|I|Thread-1|EmployeeDetails.20190923_115238.001|Scenario|Read Data - executing activity
2019-09-23 11:52:41,875|I|Thread-1|EmployeeDetails.20190923_115238.001|Scenario|Read Data|#  5|csv.fromExcel(excel,works - executing fromExcel(excel,worksheet,csvFile)(${excelsheetpath}, ${sheetname}, ${csvfilepath})
2019-09-23 11:52:42,163|I|Thread-1|EmployeeDetails.20190923_115238.001|Scenario|Read Data|#  5|csv.fromExcel(excel,works - PASS File converted to CSV
2019-09-23 11:52:42,320|I|Thread-1|[EmployeeDetails.20190923_115238.001|Scenario] saving test scenario
2019-09-23 11:52:42,784|I|Thread-1|[20190923_115237] 
/-TEST COMPLETE-----------------------------------------------------------------
| Test Output:    C:\projects\Automationprojects\output\20190923_115237\EmployeeDetails.20190923_115238.001.xlsx
| Iteration:      1
\-------------------------------------------------------------------------------
» Execution Time: 1515 ms
» Test Steps:     1
» Error(s):       0



2019-09-23 11:52:45,243|I|Thread-1|[20190923_115237] 
/-TEST COMPLETE-----------------------------------------------------------------
| Test Script:    C:\projects\Automationprojects\artifact\script\EmployeeDetails.xlsx
\-------------------------------------------------------------------------------
» Execution Time: 7880 ms
» Iterations:     [1] total 1
» Test Steps:     1
» Passed:         1
» Error(s):       0
» Iteration 1 of 1: C:\projects\Automationprojects\output\20190923_115237\EmployeeDetails.20190923_115238.001.xlsx



2019-09-23 11:52:45,294|I|main|[20190923_115237] [C:\projects\Automationprojects\artifact\script\EmployeeDetails.xlsx] now completed
2019-09-23 11:52:45,296|I|main|[20190923_115237] all execution thread(s) have terminated
2019-09-23 11:52:45,297|I|main|[20190923_115237] test run completed in about 8 seconds
2019-09-23 11:52:45,437|I|main|No predefined nexial-setup found
2019-09-23 11:52:45,510|I|main|outputBase not set; output-to-cloud DISABLED!
2019-09-23 11:52:45,513|I|main|accessKey not set; output-to-cloud DISABLED!
2019-09-23 11:52:45,517|I|main|secretKey not set; output-to-cloud DISABLED!
2019-09-23 11:52:45,519|I|main|generating HTML output for this execution to C:\projects\Automationprojects\output\20190923_115237\execution-output.html
2019-09-23 11:52:46,727|I|main|generating JUnit XML output for this execution to C:\projects\Automationprojects\output\20190923_115237\junit.xml
2019-09-23 11:52:46,771|I|main|generated JUnit report for this execution: C:\projects\Automationprojects\output\20190923_115237\junit.xml
2019-09-23 11:52:46,787|I|main|nexial mailer not enabled: nexial.enableEmail=false
2019-09-23 11:52:46,788|I|main|skipped email notification as configured
2019-09-23 11:52:46,796|I|main|exiting Nexial...
2019-09-23 11:52:46,804|I|main|

/-END OF EXECUTION--------------------------------------------------------------
| » Execution Time: 8 sec.
| » Test Steps....: 1
| » Passed........: 1
| » Failed........: 0
| » Success Rate..: 100.00%
\----------------------------------------------------------nexial-core 2.6_0632-

2019-09-23 11:52:46,809|I|main|ALL PASSED!
2019-09-23 11:52:46,815|I|main|End of Execution:
NEXIAL_OUTPUT:         C:\projects\Automationprojects\output\20190923_115237
NEXIAL_EXECUTION_HTML: C:\projects\Automationprojects\output\20190923_115237\execution-output.html
NEXIAL_JUNIT_XML:      C:\projects\Automationprojects\output\20190923_115237\junit.xml
NEXIAL_SUCCESS_RATE:   100.00%
NEXIAL_EXIT_STATUS:    0
