2019-09-23 12:07:42,744|I|Thread-1|(DELAYED) nexial-core 2.6_0632 starting up...
2019-09-23 12:07:42,750|I|Thread-1|(DELAYED) data file resolved as C:\Users\UNNAMA~1.S\AppData\Local\Temp\MUpoj\orangehrm.data.xlsx
2019-09-23 12:07:42,750|I|Thread-1|(DELAYED) input files and output directory resolved...
2019-09-23 12:07:42,750|I|Thread-1|(DELAYED) No predefined nexial-setup found
2019-09-23 12:07:42,750|I|Thread-1|(DELAYED) [20190923_120742] [C:\projects\Automationprojects\artifact\script\orangehrm.xlsx] resolve RUN ID as 20190923_120742
2019-09-23 12:07:42,750|I|Thread-1|(DELAYED) [20190923_120742] [C:\projects\Automationprojects\artifact\script\orangehrm.xlsx] new thread started
2019-09-23 12:07:42,751|I|Thread-1|No predefined nexial-setup found
2019-09-23 12:07:42,886|I|Thread-1|outputBase not set; output-to-cloud DISABLED!
2019-09-23 12:07:42,887|I|Thread-1|accessKey not set; output-to-cloud DISABLED!
2019-09-23 12:07:42,887|I|Thread-1|secretKey not set; output-to-cloud DISABLED!
2019-09-23 12:07:42,938|I|Thread-1|missing REQUIRED configuration; sms DISABLED!
2019-09-23 12:07:43,888|I|Thread-1|[20190923_120742] executing C:\projects\Automationprojects\artifact\script\orangehrm.xlsx with 1 iteration(s)
2019-09-23 12:07:43,896|I|Thread-1|[20190923_120742] create directory C:\projects\Automationprojects\output\20190923_120742\captures
2019-09-23 12:07:43,899|I|Thread-1|[20190923_120742] create directory C:\projects\Automationprojects\output\20190923_120742\logs
2019-09-23 12:07:45,025|I|Thread-1|[20190923_120742] merging test data to tmp file C:\projects\Automationprojects\output\20190923_120742\orangehrm.20190923_120743.001.xlsx
2019-09-23 12:07:45,026|I|Thread-1|refetching data from C:\projects\Automationprojects\artifact\data\orangehrm.data.xlsx
2019-09-23 12:07:45,461|I|Thread-1|[20190923_120742] test script and test data merged to C:\projects\Automationprojects\output\20190923_120742\orangehrm.20190923_120743.001.xlsx
2019-09-23 12:07:46,537|I|Thread-1|STARTS
2019-09-23 12:07:46,564|I|Thread-1|orangehrm.20190923_120743.001 - executing iteration #1 of 1; Iteration Id 1
2019-09-23 12:07:46,578|I|Thread-1|orangehrm.20190923_120743.001|Scenario - executing test scenario
2019-09-23 12:07:46,580|I|Thread-1|orangehrm.20190923_120743.001|Scenario|Login - executing activity
2019-09-23 12:07:47,182|I|Thread-1|orangehrm.20190923_120743.001|Scenario|Login|#  5|web.open(url) - executing open(url)(${URLorangehrm})
2019-09-23 12:07:47,187|I|Thread-1|No valid instance of webdriver, initializing...
2019-09-23 12:07:47,193|I|Thread-1|init chrome
2019-09-23 12:07:50,711|I|Thread-1|browser initialization completed for 'chrome'
2019-09-23 12:07:50,793|I|Thread-1|setting browser polling wait time to 800 ms
2019-09-23 12:07:50,830|I|Thread-1|setting browser page load timeout to 10000 ms
2019-09-23 12:07:53,950|I|Thread-1|current browser window handle:CDwindow-0FE11004794BA8821A82E7B92FE71226
2019-09-23 12:07:54,232|I|Thread-1|orangehrm.20190923_120743.001|Scenario|Login|#  5|web.open(url) - PASS opened URL https://s2.demo.opensourcecms.com/orangehrm/symfony/web/index.php/auth/login
2019-09-23 12:07:54,835|I|Thread-1|orangehrm.20190923_120743.001|Scenario|Login|#  6|web.maximizeWindow() - executing maximizeWindow()()
2019-09-23 12:07:56,058|I|Thread-1|orangehrm.20190923_120743.001|Scenario|Login|#  6|web.maximizeWindow() - PASS browser window maximized
2019-09-23 12:07:56,672|I|Thread-1|orangehrm.20190923_120743.001|Scenario|Login|#  7|web.type(locator,value) - executing type(locator,value)(${loc.orangehrm.username}, ${username})
2019-09-23 12:07:57,207|I|Thread-1|orangehrm.20190923_120743.001|Scenario|Login|#  7|web.type(locator,value) - PASS typed text at '//input[@name='txtUsername']'
2019-09-23 12:07:57,821|I|Thread-1|orangehrm.20190923_120743.001|Scenario|Login|#  8|web.click(locator) - executing click(locator)(${loc.orangehrm.password})
2019-09-23 12:07:57,890|I|Thread-1|clicking '//input[@name='txtPassword']	'...
2019-09-23 12:07:57,936|I|Thread-1|click target via JS, @id=txtPassword
2019-09-23 12:07:58,007|I|Thread-1|clicked -> true
2019-09-23 12:07:58,011|I|Thread-1|orangehrm.20190923_120743.001|Scenario|Login|#  8|web.click(locator) - PASS click via JS event
2019-09-23 12:07:58,613|I|Thread-1|orangehrm.20190923_120743.001|Scenario|Login|#  9|web.type(locator,value) - executing type(locator,value)(${loc.orangehrm.password}, ${orangehrmpassword})
2019-09-23 12:07:59,036|I|Thread-1|orangehrm.20190923_120743.001|Scenario|Login|#  9|web.type(locator,value) - PASS typed text at '//input[@name='txtPassword']	'
2019-09-23 12:07:59,638|I|Thread-1|orangehrm.20190923_120743.001|Scenario|Login|# 10|web.screenshot(file,locat - executing screenshot(file,locator)(${filepathorangehrm}, ${loc.orangehrm.password})
2019-09-23 12:08:00,908|I|Thread-1|orangehrm.20190923_120743.001|Scenario|Login|# 10|web.screenshot(file,locat - PASS Image captured for '//input[@name='txtPassword']	' to file 'C:\projects\orangehrm\artifact\screenshots\orangehrmpics.png'
2019-09-23 12:08:01,513|I|Thread-1|orangehrm.20190923_120743.001|Scenario|Login|# 11|web.click(locator) - executing click(locator)(${loc.orangehrm.click})
2019-09-23 12:08:01,582|I|Thread-1|clicking '//input[@class='button']'...
2019-09-23 12:08:01,628|I|Thread-1|click target via JS, @id=btnLogin
2019-09-23 12:08:04,868|I|Thread-1|clicked -> true
2019-09-23 12:08:04,870|I|Thread-1|orangehrm.20190923_120743.001|Scenario|Login|# 11|web.click(locator) - PASS click via JS event
2019-09-23 12:08:05,396|I|Thread-1|[orangehrm.20190923_120743.001|Scenario] saving test scenario
2019-09-23 12:08:05,828|I|Thread-1|[20190923_120742] 
/-TEST COMPLETE-----------------------------------------------------------------
| Test Output:    C:\projects\Automationprojects\output\20190923_120742\orangehrm.20190923_120743.001.xlsx
| Iteration:      1
\-------------------------------------------------------------------------------
» Execution Time: 19242 ms
» Test Steps:     7
» Error(s):       0



2019-09-23 12:08:08,761|I|Thread-1|[20190923_120742] 
/-TEST COMPLETE-----------------------------------------------------------------
| Test Script:    C:\projects\Automationprojects\artifact\script\orangehrm.xlsx
\-------------------------------------------------------------------------------
» Execution Time: 26384 ms
» Iterations:     [1] total 1
» Test Steps:     7
» Passed:         7
» Error(s):       0
» Iteration 1 of 1: C:\projects\Automationprojects\output\20190923_120742\orangehrm.20190923_120743.001.xlsx



2019-09-23 12:08:09,312|I|main|[20190923_120742] [C:\projects\Automationprojects\artifact\script\orangehrm.xlsx] now completed
2019-09-23 12:08:09,313|I|main|[20190923_120742] all execution thread(s) have terminated
2019-09-23 12:08:09,314|I|main|[20190923_120742] test run completed in about 27 seconds
2019-09-23 12:08:09,507|I|main|No predefined nexial-setup found
2019-09-23 12:08:09,569|I|main|outputBase not set; output-to-cloud DISABLED!
2019-09-23 12:08:09,571|I|main|accessKey not set; output-to-cloud DISABLED!
2019-09-23 12:08:09,573|I|main|secretKey not set; output-to-cloud DISABLED!
2019-09-23 12:08:09,579|I|main|generating HTML output for this execution to C:\projects\Automationprojects\output\20190923_120742\execution-output.html
2019-09-23 12:08:10,584|I|main|generating JUnit XML output for this execution to C:\projects\Automationprojects\output\20190923_120742\junit.xml
2019-09-23 12:08:10,638|I|main|generated JUnit report for this execution: C:\projects\Automationprojects\output\20190923_120742\junit.xml
2019-09-23 12:08:10,657|I|main|nexial mailer not enabled: nexial.enableEmail=false
2019-09-23 12:08:10,661|I|main|skipped email notification as configured
2019-09-23 12:08:10,665|I|main|exiting Nexial...
2019-09-23 12:08:10,667|I|main|shutdown starts...
2019-09-23 12:08:10,668|I|main|Shutting down 'chrome' webdriver...
2019-09-23 12:08:16,321|I|main|shutdown ends...
2019-09-23 12:08:16,328|I|main|

/-END OF EXECUTION--------------------------------------------------------------
| » Execution Time: 27 sec.
| » Test Steps....: 7
| » Passed........: 7
| » Failed........: 0
| » Success Rate..: 100.00%
\----------------------------------------------------------nexial-core 2.6_0632-

2019-09-23 12:08:16,348|I|main|ALL PASSED!
2019-09-23 12:08:16,358|I|main|End of Execution:
NEXIAL_OUTPUT:         C:\projects\Automationprojects\output\20190923_120742
NEXIAL_EXECUTION_HTML: C:\projects\Automationprojects\output\20190923_120742\execution-output.html
NEXIAL_JUNIT_XML:      C:\projects\Automationprojects\output\20190923_120742\junit.xml
NEXIAL_SUCCESS_RATE:   100.00%
NEXIAL_EXIT_STATUS:    0
