2019-09-23 12:19:27,915|I|Thread-1|(DELAYED) nexial-core 2.6_0632 starting up...
2019-09-23 12:19:27,919|I|Thread-1|(DELAYED) data file resolved as C:\Users\UNNAMA~1.S\AppData\Local\Temp\qdPjR\gmailautomation.data.xlsx
2019-09-23 12:19:27,920|I|Thread-1|(DELAYED) input files and output directory resolved...
2019-09-23 12:19:27,920|I|Thread-1|(DELAYED) No predefined nexial-setup found
2019-09-23 12:19:27,920|I|Thread-1|(DELAYED) [20190923_121927] [C:\projects\Automationprojects\artifact\script\gmailautomation.xlsx] resolve RUN ID as 20190923_121927
2019-09-23 12:19:27,920|I|Thread-1|(DELAYED) [20190923_121927] [C:\projects\Automationprojects\artifact\script\gmailautomation.xlsx] new thread started
2019-09-23 12:19:27,920|I|Thread-1|No predefined nexial-setup found
2019-09-23 12:19:28,029|I|Thread-1|outputBase not set; output-to-cloud DISABLED!
2019-09-23 12:19:28,030|I|Thread-1|accessKey not set; output-to-cloud DISABLED!
2019-09-23 12:19:28,031|I|Thread-1|secretKey not set; output-to-cloud DISABLED!
2019-09-23 12:19:28,067|I|Thread-1|missing REQUIRED configuration; sms DISABLED!
2019-09-23 12:19:29,018|I|Thread-1|[20190923_121927] executing C:\projects\Automationprojects\artifact\script\gmailautomation.xlsx with 1 iteration(s)
2019-09-23 12:19:29,026|I|Thread-1|[20190923_121927] create directory C:\projects\Automationprojects\output\20190923_121927\captures
2019-09-23 12:19:29,030|I|Thread-1|[20190923_121927] create directory C:\projects\Automationprojects\output\20190923_121927\logs
2019-09-23 12:19:30,745|I|Thread-1|[20190923_121927] merging test data to tmp file C:\projects\Automationprojects\output\20190923_121927\gmailautomation.20190923_121929.001.xlsx
2019-09-23 12:19:30,747|I|Thread-1|refetching data from C:\projects\Automationprojects\artifact\data\gmailautomation.data.xlsx
2019-09-23 12:19:31,242|I|Thread-1|[20190923_121927] test script and test data merged to C:\projects\Automationprojects\output\20190923_121927\gmailautomation.20190923_121929.001.xlsx
2019-09-23 12:19:31,933|I|Thread-1|STARTS
2019-09-23 12:19:31,965|I|Thread-1|gmailautomation.20190923_121929.001 - executing iteration #1 of 1; Iteration Id 1
2019-09-23 12:19:31,979|I|Thread-1|gmailautomation.20190923_121929.001|Scenario - executing test scenario
2019-09-23 12:19:31,981|I|Thread-1|gmailautomation.20190923_121929.001|Scenario|Login - executing activity
2019-09-23 12:19:32,585|I|Thread-1|gmailautomation.20190923_121929.001|Scenario|Login|#  5|web.open(url) - executing open(url)(${gmailloginURL})
2019-09-23 12:19:32,604|I|Thread-1|No valid instance of webdriver, initializing...
2019-09-23 12:19:32,614|I|Thread-1|init chrome
2019-09-23 12:19:35,977|I|Thread-1|browser initialization completed for 'chrome'
2019-09-23 12:19:36,035|I|Thread-1|setting browser polling wait time to 800 ms
2019-09-23 12:19:36,071|I|Thread-1|setting browser page load timeout to 10000 ms
2019-09-23 12:19:41,236|I|Thread-1|current browser window handle:CDwindow-F4E8F0C42D0647E404EC43CF202C44AD
2019-09-23 12:19:44,787|I|Thread-1|gmailautomation.20190923_121929.001|Scenario|Login|#  5|web.open(url) - PASS opened URL https://accounts.google.com/signin/v2/identifier?flowName=GlifWebSignIn&flowEntry=ServiceLogin
2019-09-23 12:19:45,399|I|Thread-1|gmailautomation.20190923_121929.001|Scenario|Login|#  6|web.maximizeWindow() - executing maximizeWindow()()
2019-09-23 12:19:46,786|I|Thread-1|gmailautomation.20190923_121929.001|Scenario|Login|#  6|web.maximizeWindow() - PASS browser window maximized
2019-09-23 12:19:47,394|I|Thread-1|gmailautomation.20190923_121929.001|Scenario|Login|#  7|web.type(locator,value) - executing type(locator,value)(${loc.gmail.username}, ${username})
2019-09-23 12:19:48,090|I|Thread-1|gmailautomation.20190923_121929.001|Scenario|Login|#  7|web.type(locator,value) - PASS typed text at '(//input[@class='whsOnd zHQkBf'])[1]'
2019-09-23 12:19:48,697|I|Thread-1|gmailautomation.20190923_121929.001|Scenario|Login|#  8|web.screenshot(file,locat - executing screenshot(file,locator)(${Filepath}, ${loc.gmail.username})
2019-09-23 12:19:49,899|I|Thread-1|gmailautomation.20190923_121929.001|Scenario|Login|#  8|web.screenshot(file,locat - PASS Image captured for '(//input[@class='whsOnd zHQkBf'])[1]' to file 'C:\projects\gmailautomation\artifact\sreenshots\pics.png'
2019-09-23 12:19:50,506|I|Thread-1|gmailautomation.20190923_121929.001|Scenario|Login|#  9|web.click(locator) - executing click(locator)(${loc.gmail.next})
2019-09-23 12:19:50,589|I|Thread-1|clicking '//span[@class='RveJvd snByac']'...
2019-09-23 12:19:50,640|I|Thread-1|click target via JS, @id=
2019-09-23 12:19:50,786|I|Thread-1|clicked -> true
2019-09-23 12:19:50,790|I|Thread-1|gmailautomation.20190923_121929.001|Scenario|Login|#  9|web.click(locator) - PASS click via JS event
2019-09-23 12:19:51,393|I|Thread-1|gmailautomation.20190923_121929.001|Scenario|Login|# 10|web.type(locator,value) - executing type(locator,value)(${loc.gmail.password}, ${password})
2019-09-23 12:19:51,935|I|Thread-1|gmailautomation.20190923_121929.001|Scenario|Login|# 10|web.type(locator,value) - PASS typed text at '//input[@aria-label='Enter your password']'
2019-09-23 12:19:52,538|I|Thread-1|gmailautomation.20190923_121929.001|Scenario|Login|# 11|web.click(locator) - executing click(locator)(${loc.gmail.password.next})
2019-09-23 12:19:52,608|I|Thread-1|clicking '(//span[@class='RveJvd snByac'])[1]'...
2019-09-23 12:19:52,682|I|Thread-1|click target via JS, @id=
2019-09-23 12:19:52,830|I|Thread-1|clicked -> true
2019-09-23 12:19:52,832|I|Thread-1|gmailautomation.20190923_121929.001|Scenario|Login|# 11|web.click(locator) - PASS click via JS event
2019-09-23 12:19:53,328|I|Thread-1|[gmailautomation.20190923_121929.001|Scenario] saving test scenario
2019-09-23 12:19:53,655|I|Thread-1|[20190923_121927] 
/-TEST COMPLETE-----------------------------------------------------------------
| Test Output:    C:\projects\Automationprojects\output\20190923_121927\gmailautomation.20190923_121929.001.xlsx
| Iteration:      1
\-------------------------------------------------------------------------------
» Execution Time: 21667 ms
» Test Steps:     7
» Error(s):       0



2019-09-23 12:19:55,687|I|Thread-1|[20190923_121927] 
/-TEST COMPLETE-----------------------------------------------------------------
| Test Script:    C:\projects\Automationprojects\artifact\script\gmailautomation.xlsx
\-------------------------------------------------------------------------------
» Execution Time: 28027 ms
» Iterations:     [1] total 1
» Test Steps:     7
» Passed:         7
» Error(s):       0
» Iteration 1 of 1: C:\projects\Automationprojects\output\20190923_121927\gmailautomation.20190923_121929.001.xlsx



2019-09-23 12:19:56,649|I|main|[20190923_121927] [C:\projects\Automationprojects\artifact\script\gmailautomation.xlsx] now completed
2019-09-23 12:19:56,650|I|main|[20190923_121927] all execution thread(s) have terminated
2019-09-23 12:19:56,652|I|main|[20190923_121927] test run completed in about 29 seconds
2019-09-23 12:19:56,800|I|main|No predefined nexial-setup found
2019-09-23 12:19:56,871|I|main|outputBase not set; output-to-cloud DISABLED!
2019-09-23 12:19:56,875|I|main|accessKey not set; output-to-cloud DISABLED!
2019-09-23 12:19:56,882|I|main|secretKey not set; output-to-cloud DISABLED!
2019-09-23 12:19:56,888|I|main|generating HTML output for this execution to C:\projects\Automationprojects\output\20190923_121927\execution-output.html
2019-09-23 12:19:58,504|I|main|generating JUnit XML output for this execution to C:\projects\Automationprojects\output\20190923_121927\junit.xml
2019-09-23 12:19:58,643|I|main|generated JUnit report for this execution: C:\projects\Automationprojects\output\20190923_121927\junit.xml
2019-09-23 12:19:58,648|I|main|nexial mailer not enabled: nexial.enableEmail=false
2019-09-23 12:19:58,650|I|main|skipped email notification as configured
2019-09-23 12:19:58,658|I|main|exiting Nexial...
2019-09-23 12:19:58,660|I|main|shutdown starts...
2019-09-23 12:19:58,661|I|main|Shutting down 'chrome' webdriver...
2019-09-23 12:20:04,836|I|main|shutdown ends...
2019-09-23 12:20:04,842|I|main|

/-END OF EXECUTION--------------------------------------------------------------
| » Execution Time: 29 sec.
| » Test Steps....: 7
| » Passed........: 7
| » Failed........: 0
| » Success Rate..: 100.00%
\----------------------------------------------------------nexial-core 2.6_0632-

2019-09-23 12:20:04,860|I|main|ALL PASSED!
2019-09-23 12:20:04,868|I|main|End of Execution:
NEXIAL_OUTPUT:         C:\projects\Automationprojects\output\20190923_121927
NEXIAL_EXECUTION_HTML: C:\projects\Automationprojects\output\20190923_121927\execution-output.html
NEXIAL_JUNIT_XML:      C:\projects\Automationprojects\output\20190923_121927\junit.xml
NEXIAL_SUCCESS_RATE:   100.00%
NEXIAL_EXIT_STATUS:    0
