2019-09-23 11:40:57,259|I|Thread-1|(DELAYED) nexial-core 2.6_0632 starting up...
2019-09-23 11:40:57,265|I|Thread-1|(DELAYED) data file resolved as C:\Users\UNNAMA~1.S\AppData\Local\Temp\PMNBa\EmployeeDetails.data.xlsx
2019-09-23 11:40:57,265|I|Thread-1|(DELAYED) input files and output directory resolved...
2019-09-23 11:40:57,266|I|Thread-1|(DELAYED) No predefined nexial-setup found
2019-09-23 11:40:57,266|I|Thread-1|(DELAYED) [20190923_114056] [C:\projects\Automationprojects\artifact\script\EmployeeDetails.xlsx] resolve RUN ID as 20190923_114056
2019-09-23 11:40:57,266|I|Thread-1|(DELAYED) [20190923_114056] [C:\projects\Automationprojects\artifact\script\EmployeeDetails.xlsx] new thread started
2019-09-23 11:40:57,267|I|Thread-1|No predefined nexial-setup found
2019-09-23 11:40:57,387|I|Thread-1|outputBase not set; output-to-cloud DISABLED!
2019-09-23 11:40:57,388|I|Thread-1|accessKey not set; output-to-cloud DISABLED!
2019-09-23 11:40:57,389|I|Thread-1|secretKey not set; output-to-cloud DISABLED!
2019-09-23 11:40:57,415|I|Thread-1|missing REQUIRED configuration; sms DISABLED!
2019-09-23 11:40:58,354|I|Thread-1|[20190923_114056] executing C:\projects\Automationprojects\artifact\script\EmployeeDetails.xlsx with 1 iteration(s)
2019-09-23 11:40:58,367|I|Thread-1|[20190923_114056] create directory C:\projects\Automationprojects\output\20190923_114056\captures
2019-09-23 11:40:58,373|I|Thread-1|[20190923_114056] create directory C:\projects\Automationprojects\output\20190923_114056\logs
2019-09-23 11:40:59,170|I|Thread-1|[20190923_114056] merging test data to tmp file C:\projects\Automationprojects\output\20190923_114056\EmployeeDetails.20190923_114058.001.xlsx
2019-09-23 11:40:59,173|I|Thread-1|refetching data from C:\projects\Automationprojects\artifact\data\EmployeeDetails.data.xlsx
2019-09-23 11:40:59,560|I|Thread-1|[20190923_114056] test script and test data merged to C:\projects\Automationprojects\output\20190923_114056\EmployeeDetails.20190923_114058.001.xlsx
2019-09-23 11:41:00,610|I|Thread-1|STARTS
2019-09-23 11:41:00,642|I|Thread-1|EmployeeDetails.20190923_114058.001 - executing iteration #1 of 1; Iteration Id 1
2019-09-23 11:41:00,658|I|Thread-1|EmployeeDetails.20190923_114058.001|Scenario - executing test scenario
2019-09-23 11:41:00,660|I|Thread-1|EmployeeDetails.20190923_114058.001|Scenario|Read Data - executing activity
2019-09-23 11:41:01,265|I|Thread-1|EmployeeDetails.20190923_114058.001|Scenario|Read Data|#  5|csv.fromExcel(excel,works - executing fromExcel(excel,worksheet,csvFile)(${excelsheetpath}, ${sheetname}, ${csvfilepath})
2019-09-23 11:41:01,479|E|Thread-1|EmployeeDetails.20190923_114058.001|Scenario|Read Data|#  5|csv.fromExcel(excel,works - FAIL invalid worksheet: {}
2019-09-23 11:41:01,604|I|Thread-1|[EmployeeDetails.20190923_114058.001|Scenario] saving test scenario
2019-09-23 11:41:01,766|I|Thread-1|[20190923_114056] 
/-TEST COMPLETE-----------------------------------------------------------------
| Test Output:    C:\projects\Automationprojects\output\20190923_114056\EmployeeDetails.20190923_114058.001.xlsx
| Iteration:      1
\-------------------------------------------------------------------------------
» Execution Time: 1103 ms
» Test Steps:     1
» Error(s):       1



2019-09-23 11:41:03,827|I|Thread-1|[20190923_114056] 
/-TEST COMPLETE-----------------------------------------------------------------
| Test Script:    C:\projects\Automationprojects\artifact\script\EmployeeDetails.xlsx
\-------------------------------------------------------------------------------
» Execution Time: 6820 ms
» Iterations:     [1] total 1
» Test Steps:     1
» Passed:         0
» Error(s):       1
» Iteration 1 of 1: C:\projects\Automationprojects\output\20190923_114056\EmployeeDetails.20190923_114058.001.xlsx



2019-09-23 11:41:03,933|I|main|[20190923_114056] [C:\projects\Automationprojects\artifact\script\EmployeeDetails.xlsx] now completed
2019-09-23 11:41:03,938|I|main|[20190923_114056] all execution thread(s) have terminated
2019-09-23 11:41:03,948|I|main|[20190923_114056] test run completed in about 7 seconds
2019-09-23 11:41:04,104|I|main|No predefined nexial-setup found
2019-09-23 11:41:04,150|I|main|outputBase not set; output-to-cloud DISABLED!
2019-09-23 11:41:04,152|I|main|accessKey not set; output-to-cloud DISABLED!
2019-09-23 11:41:04,154|I|main|secretKey not set; output-to-cloud DISABLED!
2019-09-23 11:41:04,160|I|main|generating HTML output for this execution to C:\projects\Automationprojects\output\20190923_114056\execution-output.html
2019-09-23 11:41:04,873|I|main|generating JUnit XML output for this execution to C:\projects\Automationprojects\output\20190923_114056\junit.xml
2019-09-23 11:41:04,917|I|main|generated JUnit report for this execution: C:\projects\Automationprojects\output\20190923_114056\junit.xml
2019-09-23 11:41:04,931|I|main|nexial mailer not enabled: nexial.enableEmail=false
2019-09-23 11:41:04,939|I|main|skipped email notification as configured
2019-09-23 11:41:04,940|I|main|exiting Nexial...
2019-09-23 11:41:04,946|I|main|

/-END OF EXECUTION--------------------------------------------------------------
| » Execution Time: 7 sec.
| » Test Steps....: 1
| » Passed........: 0
| » Failed........: 1
| » Success Rate..: 0.00%
\----------------------------------------------------------nexial-core 2.6_0632-

2019-09-23 11:41:04,952|E|main|failure found; success rate is 0.00%
2019-09-23 11:41:04,954|I|main|End of Execution:
NEXIAL_OUTPUT:         C:\projects\Automationprojects\output\20190923_114056
NEXIAL_EXECUTION_HTML: C:\projects\Automationprojects\output\20190923_114056\execution-output.html
NEXIAL_JUNIT_XML:      C:\projects\Automationprojects\output\20190923_114056\junit.xml
NEXIAL_SUCCESS_RATE:   0.00%
NEXIAL_EXIT_STATUS:    -13
