2019-09-23 12:37:43,689|I|Thread-1|(DELAYED) nexial-core 2.6_0632 starting up...
2019-09-23 12:37:43,695|I|Thread-1|(DELAYED) data file resolved as C:\Users\UNNAMA~1.S\AppData\Local\Temp\waeUf\orangehrm.data.xlsx
2019-09-23 12:37:43,695|I|Thread-1|(DELAYED) input files and output directory resolved...
2019-09-23 12:37:43,695|I|Thread-1|(DELAYED) No predefined nexial-setup found
2019-09-23 12:37:43,695|I|Thread-1|(DELAYED) [20190923_123743] [C:\projects\Automationprojects\artifact\script\orangehrm.xlsx] resolve RUN ID as 20190923_123743
2019-09-23 12:37:43,696|I|Thread-1|(DELAYED) [20190923_123743] [C:\projects\Automationprojects\artifact\script\orangehrm.xlsx] new thread started
2019-09-23 12:37:43,696|I|Thread-1|No predefined nexial-setup found
2019-09-23 12:37:43,822|I|Thread-1|outputBase not set; output-to-cloud DISABLED!
2019-09-23 12:37:43,823|I|Thread-1|accessKey not set; output-to-cloud DISABLED!
2019-09-23 12:37:43,824|I|Thread-1|secretKey not set; output-to-cloud DISABLED!
2019-09-23 12:37:43,857|I|Thread-1|missing REQUIRED configuration; sms DISABLED!
2019-09-23 12:37:44,817|I|Thread-1|[20190923_123743] executing C:\projects\Automationprojects\artifact\script\orangehrm.xlsx with 1 iteration(s)
2019-09-23 12:37:44,822|I|Thread-1|[20190923_123743] create directory C:\projects\Automationprojects\output\20190923_123743\captures
2019-09-23 12:37:44,823|I|Thread-1|[20190923_123743] create directory C:\projects\Automationprojects\output\20190923_123743\logs
2019-09-23 12:37:45,755|I|Thread-1|[20190923_123743] merging test data to tmp file C:\projects\Automationprojects\output\20190923_123743\orangehrm.20190923_123744.001.xlsx
2019-09-23 12:37:45,757|I|Thread-1|refetching data from C:\projects\Automationprojects\artifact\data\orangehrm.data.xlsx
2019-09-23 12:37:46,256|I|Thread-1|[20190923_123743] test script and test data merged to C:\projects\Automationprojects\output\20190923_123743\orangehrm.20190923_123744.001.xlsx
2019-09-23 12:37:47,220|I|Thread-1|STARTS
2019-09-23 12:37:47,246|I|Thread-1|orangehrm.20190923_123744.001 - executing iteration #1 of 1; Iteration Id 1
2019-09-23 12:37:47,256|I|Thread-1|orangehrm.20190923_123744.001|Scenario - executing test scenario
2019-09-23 12:37:47,258|I|Thread-1|orangehrm.20190923_123744.001|Scenario|Login - executing activity
2019-09-23 12:37:47,861|I|Thread-1|orangehrm.20190923_123744.001|Scenario|Login|#  5|web.open(url) - executing open(url)(${URLorangehrm})
2019-09-23 12:37:47,865|I|Thread-1|No valid instance of webdriver, initializing...
2019-09-23 12:37:47,868|I|Thread-1|init chrome
2019-09-23 12:37:51,964|I|Thread-1|browser initialization completed for 'chrome'
2019-09-23 12:37:52,012|I|Thread-1|setting browser polling wait time to 800 ms
2019-09-23 12:37:52,060|I|Thread-1|setting browser page load timeout to 10000 ms
2019-09-23 12:37:54,524|I|Thread-1|current browser window handle:CDwindow-7E52A4579B6D77A590EBF0C6F30C85CF
2019-09-23 12:37:54,889|I|Thread-1|orangehrm.20190923_123744.001|Scenario|Login|#  5|web.open(url) - PASS opened URL https://s2.demo.opensourcecms.com/orangehrm/symfony/web/index.php/auth/login
2019-09-23 12:37:55,495|I|Thread-1|orangehrm.20190923_123744.001|Scenario|Login|#  6|web.maximizeWindow() - executing maximizeWindow()()
2019-09-23 12:37:56,701|I|Thread-1|orangehrm.20190923_123744.001|Scenario|Login|#  6|web.maximizeWindow() - PASS browser window maximized
2019-09-23 12:37:57,307|I|Thread-1|orangehrm.20190923_123744.001|Scenario|Login|#  7|web.type(locator,value) - executing type(locator,value)(${loc.orangehrm.username}, ${username})
2019-09-23 12:37:57,906|I|Thread-1|orangehrm.20190923_123744.001|Scenario|Login|#  7|web.type(locator,value) - PASS typed text at '//input[@name='txtUsername']'
2019-09-23 12:37:58,517|I|Thread-1|orangehrm.20190923_123744.001|Scenario|Login|#  8|web.click(locator) - executing click(locator)(${loc.orangehrm.password})
2019-09-23 12:37:58,594|I|Thread-1|clicking '//input[@name='txtPassword']	'...
2019-09-23 12:37:58,642|I|Thread-1|click target via JS, @id=txtPassword
2019-09-23 12:37:58,727|I|Thread-1|clicked -> true
2019-09-23 12:37:58,731|I|Thread-1|orangehrm.20190923_123744.001|Scenario|Login|#  8|web.click(locator) - PASS click via JS event
2019-09-23 12:37:59,334|I|Thread-1|orangehrm.20190923_123744.001|Scenario|Login|#  9|web.type(locator,value) - executing type(locator,value)(${loc.orangehrm.password}, ${password})
2019-09-23 12:37:59,804|I|Thread-1|orangehrm.20190923_123744.001|Scenario|Login|#  9|web.type(locator,value) - PASS typed text at '//input[@name='txtPassword']	'
2019-09-23 12:38:00,410|I|Thread-1|orangehrm.20190923_123744.001|Scenario|Login|# 10|web.screenshot(file,locat - executing screenshot(file,locator)(${Filepath}, ${loc.orangehrm.password})
2019-09-23 12:38:01,714|I|Thread-1|orangehrm.20190923_123744.001|Scenario|Login|# 10|web.screenshot(file,locat - PASS Image captured for '//input[@name='txtPassword']	' to file 'C:\projects\gmailautomation\artifact\sreenshots\pics.png'
2019-09-23 12:38:02,329|I|Thread-1|orangehrm.20190923_123744.001|Scenario|Login|# 11|web.click(locator) - executing click(locator)(${loc.orangehrm.click})
2019-09-23 12:38:02,425|I|Thread-1|clicking '//input[@class='button']'...
2019-09-23 12:38:02,484|I|Thread-1|click target via JS, @id=btnLogin
2019-09-23 12:38:05,811|I|Thread-1|clicked -> true
2019-09-23 12:38:05,814|I|Thread-1|orangehrm.20190923_123744.001|Scenario|Login|# 11|web.click(locator) - PASS click via JS event
2019-09-23 12:38:06,198|I|Thread-1|[orangehrm.20190923_123744.001|Scenario] saving test scenario
2019-09-23 12:38:06,441|I|Thread-1|[20190923_123743] 
/-TEST COMPLETE-----------------------------------------------------------------
| Test Output:    C:\projects\Automationprojects\output\20190923_123743\orangehrm.20190923_123744.001.xlsx
| Iteration:      1
\-------------------------------------------------------------------------------
» Execution Time: 19184 ms
» Test Steps:     7
» Error(s):       0



2019-09-23 12:38:09,056|I|Thread-1|[20190923_123743] 
/-TEST COMPLETE-----------------------------------------------------------------
| Test Script:    C:\projects\Automationprojects\artifact\script\orangehrm.xlsx
\-------------------------------------------------------------------------------
» Execution Time: 25649 ms
» Iterations:     [1] total 1
» Test Steps:     7
» Passed:         7
» Error(s):       0
» Iteration 1 of 1: C:\projects\Automationprojects\output\20190923_123743\orangehrm.20190923_123744.001.xlsx



2019-09-23 12:38:09,381|I|main|[20190923_123743] [C:\projects\Automationprojects\artifact\script\orangehrm.xlsx] now completed
2019-09-23 12:38:09,382|I|main|[20190923_123743] all execution thread(s) have terminated
2019-09-23 12:38:09,383|I|main|[20190923_123743] test run completed in about 26 seconds
2019-09-23 12:38:09,561|I|main|No predefined nexial-setup found
2019-09-23 12:38:09,633|I|main|outputBase not set; output-to-cloud DISABLED!
2019-09-23 12:38:09,635|I|main|accessKey not set; output-to-cloud DISABLED!
2019-09-23 12:38:09,637|I|main|secretKey not set; output-to-cloud DISABLED!
2019-09-23 12:38:09,640|I|main|generating HTML output for this execution to C:\projects\Automationprojects\output\20190923_123743\execution-output.html
2019-09-23 12:38:10,748|I|main|generating JUnit XML output for this execution to C:\projects\Automationprojects\output\20190923_123743\junit.xml
2019-09-23 12:38:10,816|I|main|generated JUnit report for this execution: C:\projects\Automationprojects\output\20190923_123743\junit.xml
2019-09-23 12:38:10,842|I|main|nexial mailer not enabled: nexial.enableEmail=false
2019-09-23 12:38:10,844|I|main|skipped email notification as configured
2019-09-23 12:38:10,849|I|main|exiting Nexial...
2019-09-23 12:38:10,851|I|main|shutdown starts...
2019-09-23 12:38:10,853|I|main|Shutting down 'chrome' webdriver...
2019-09-23 12:38:14,835|I|main|shutdown ends...
2019-09-23 12:38:14,842|I|main|

/-END OF EXECUTION--------------------------------------------------------------
| » Execution Time: 26 sec.
| » Test Steps....: 7
| » Passed........: 7
| » Failed........: 0
| » Success Rate..: 100.00%
\----------------------------------------------------------nexial-core 2.6_0632-

2019-09-23 12:38:14,852|I|main|ALL PASSED!
2019-09-23 12:38:14,859|I|main|End of Execution:
NEXIAL_OUTPUT:         C:\projects\Automationprojects\output\20190923_123743
NEXIAL_EXECUTION_HTML: C:\projects\Automationprojects\output\20190923_123743\execution-output.html
NEXIAL_JUNIT_XML:      C:\projects\Automationprojects\output\20190923_123743\junit.xml
NEXIAL_SUCCESS_RATE:   100.00%
NEXIAL_EXIT_STATUS:    0
