2019-09-23 12:29:50,581|I|Thread-1|(DELAYED) nexial-core 2.6_0632 starting up...
2019-09-23 12:29:50,587|I|Thread-1|(DELAYED) data file resolved as C:\Users\UNNAMA~1.S\AppData\Local\Temp\NCiFh\goibibo.data.xlsx
2019-09-23 12:29:50,587|I|Thread-1|(DELAYED) input files and output directory resolved...
2019-09-23 12:29:50,587|I|Thread-1|(DELAYED) No predefined nexial-setup found
2019-09-23 12:29:50,588|I|Thread-1|(DELAYED) [20190923_122950] [C:\projects\Automationprojects\artifact\script\goibibo.xlsx] resolve RUN ID as 20190923_122950
2019-09-23 12:29:50,588|I|Thread-1|(DELAYED) [20190923_122950] [C:\projects\Automationprojects\artifact\script\goibibo.xlsx] new thread started
2019-09-23 12:29:50,588|I|Thread-1|No predefined nexial-setup found
2019-09-23 12:29:50,729|I|Thread-1|outputBase not set; output-to-cloud DISABLED!
2019-09-23 12:29:50,730|I|Thread-1|accessKey not set; output-to-cloud DISABLED!
2019-09-23 12:29:50,731|I|Thread-1|secretKey not set; output-to-cloud DISABLED!
2019-09-23 12:29:50,783|I|Thread-1|missing REQUIRED configuration; sms DISABLED!
2019-09-23 12:29:51,959|I|Thread-1|[20190923_122950] executing C:\projects\Automationprojects\artifact\script\goibibo.xlsx with 1 iteration(s)
2019-09-23 12:29:51,966|I|Thread-1|[20190923_122950] create directory C:\projects\Automationprojects\output\20190923_122950\captures
2019-09-23 12:29:51,969|I|Thread-1|[20190923_122950] create directory C:\projects\Automationprojects\output\20190923_122950\logs
2019-09-23 12:29:53,679|I|Thread-1|[20190923_122950] merging test data to tmp file C:\projects\Automationprojects\output\20190923_122950\goibibo.20190923_122951.001.xlsx
2019-09-23 12:29:53,691|I|Thread-1|refetching data from C:\projects\Automationprojects\artifact\data\goibibo.data.xlsx
2019-09-23 12:29:54,395|I|Thread-1|[20190923_122950] test script and test data merged to C:\projects\Automationprojects\output\20190923_122950\goibibo.20190923_122951.001.xlsx
2019-09-23 12:29:55,770|I|Thread-1|STARTS
2019-09-23 12:29:55,801|I|Thread-1|goibibo.20190923_122951.001 - executing iteration #1 of 1; Iteration Id 1
2019-09-23 12:29:55,817|I|Thread-1|goibibo.20190923_122951.001|Scenario - executing test scenario
2019-09-23 12:29:55,817|I|Thread-1|goibibo.20190923_122951.001|Scenario|Searching tickets - executing activity
2019-09-23 12:29:56,418|I|Thread-1|goibibo.20190923_122951.001|Scenario|Searching tickets|#  5|web.open(url) - executing open(url)(https://www.goibibo.com)
2019-09-23 12:29:56,423|I|Thread-1|No valid instance of webdriver, initializing...
2019-09-23 12:29:56,426|I|Thread-1|init chrome
2019-09-23 12:30:00,455|I|Thread-1|browser initialization completed for 'chrome'
2019-09-23 12:30:00,532|I|Thread-1|setting browser polling wait time to 800 ms
2019-09-23 12:30:00,580|I|Thread-1|setting browser page load timeout to 10000 ms
2019-09-23 12:30:07,115|I|Thread-1|current browser window handle:CDwindow-D360F36A72234B4B987A60CC8307A8D2
2019-09-23 12:30:07,260|I|Thread-1|goibibo.20190923_122951.001|Scenario|Searching tickets|#  5|web.open(url) - PASS opened URL https://www.goibibo.com
2019-09-23 12:30:07,883|I|Thread-1|goibibo.20190923_122951.001|Scenario|Searching tickets|#  6|web.maximizeWindow() - executing maximizeWindow()()
2019-09-23 12:30:09,401|I|Thread-1|goibibo.20190923_122951.001|Scenario|Searching tickets|#  6|web.maximizeWindow() - PASS browser window maximized
2019-09-23 12:30:10,033|I|Thread-1|goibibo.20190923_122951.001|Scenario|Searching tickets|#  7|web.click(locator) - executing click(locator)(${loc.goibibo.from})
2019-09-23 12:30:10,168|I|Thread-1|clicking '//input[@id='gosuggest_inputSrc']'...
2019-09-23 12:30:10,242|I|Thread-1|click target via JS, @id=gosuggest_inputSrc
2019-09-23 12:30:10,351|I|Thread-1|clicked -> true
2019-09-23 12:30:10,817|I|Thread-1|goibibo.20190923_122951.001|Scenario|Searching tickets|#  7|web.click(locator) - PASS click via JS event
2019-09-23 12:30:11,466|I|Thread-1|goibibo.20190923_122951.001|Scenario|Searching tickets|#  8|web.type(locator,value) - executing type(locator,value)(${loc.goibibo.from}, ${fromcity})
2019-09-23 12:30:12,065|I|Thread-1|goibibo.20190923_122951.001|Scenario|Searching tickets|#  8|web.type(locator,value) - PASS typed text at '//input[@id='gosuggest_inputSrc']'
2019-09-23 12:30:12,670|I|Thread-1|goibibo.20190923_122951.001|Scenario|Searching tickets|#  9|web.typeKeys(locator,valu - executing typeKeys(locator,value)(${loc.goibibo.from}, ${downkeyword})
2019-09-23 12:30:13,621|I|Thread-1|goibibo.20190923_122951.001|Scenario|Searching tickets|#  9|web.typeKeys(locator,valu - PASS typed text at '//input[@id='gosuggest_inputSrc']'
2019-09-23 12:30:14,235|I|Thread-1|goibibo.20190923_122951.001|Scenario|Searching tickets|# 10|web.click(locator) - executing click(locator)(${loc.goibibo.from})
2019-09-23 12:30:14,303|I|Thread-1|clicking '//input[@id='gosuggest_inputSrc']'...
2019-09-23 12:30:14,344|I|Thread-1|click target via JS, @id=gosuggest_inputSrc
2019-09-23 12:30:14,402|I|Thread-1|clicked -> true
2019-09-23 12:30:14,407|I|Thread-1|goibibo.20190923_122951.001|Scenario|Searching tickets|# 10|web.click(locator) - PASS click via JS event
2019-09-23 12:30:15,010|I|Thread-1|goibibo.20190923_122951.001|Scenario|Searching tickets|# 11|web.type(locator,value) - executing type(locator,value)(${loc.goibibo.destination}, ${destination})
2019-09-23 12:30:15,544|I|Thread-1|goibibo.20190923_122951.001|Scenario|Searching tickets|# 11|web.type(locator,value) - PASS typed text at '//input[@id='gosuggest_inputDest']'
2019-09-23 12:30:16,158|I|Thread-1|goibibo.20190923_122951.001|Scenario|Searching tickets|# 12|web.typeKeys(locator,valu - executing typeKeys(locator,value)(${loc.goibibo.destination}, ${downkeyword})
2019-09-23 12:30:16,875|I|Thread-1|goibibo.20190923_122951.001|Scenario|Searching tickets|# 12|web.typeKeys(locator,valu - PASS typed text at '//input[@id='gosuggest_inputDest']'
2019-09-23 12:30:17,480|I|Thread-1|goibibo.20190923_122951.001|Scenario|Searching tickets|# 13|web.typeKeys(locator,valu - executing typeKeys(locator,value)(${loc.goibibo.destination}, ${enterkeyword})
2019-09-23 12:30:18,313|I|Thread-1|goibibo.20190923_122951.001|Scenario|Searching tickets|# 13|web.typeKeys(locator,valu - PASS typed text at '//input[@id='gosuggest_inputDest']'
2019-09-23 12:30:18,919|I|Thread-1|goibibo.20190923_122951.001|Scenario|Searching tickets|# 14|web.click(locator) - executing click(locator)(${loc.goibibo.departure})
2019-09-23 12:30:19,024|I|Thread-1|clicking '//div[@id='fare_20190914']'...
2019-09-23 12:30:19,095|I|Thread-1|click target via JS, @id=fare_20190914
2019-09-23 12:30:19,208|I|Thread-1|clicked -> true
2019-09-23 12:30:19,213|I|Thread-1|goibibo.20190923_122951.001|Scenario|Searching tickets|# 14|web.click(locator) - PASS click via JS event
2019-09-23 12:30:19,815|I|Thread-1|goibibo.20190923_122951.001|Scenario|Searching tickets|# 15|web.click(locator) - executing click(locator)(${loc.goibibo.returncalender})
2019-09-23 12:30:19,922|I|Thread-1|clicking '//input[@id='returnCalendar']	'...
2019-09-23 12:30:19,987|I|Thread-1|click target via JS, @id=returnCalendar
2019-09-23 12:30:20,181|I|Thread-1|clicked -> true
2019-09-23 12:30:20,185|I|Thread-1|goibibo.20190923_122951.001|Scenario|Searching tickets|# 15|web.click(locator) - PASS click via JS event
2019-09-23 12:30:20,790|I|Thread-1|goibibo.20190923_122951.001|Scenario|Searching tickets|# 16|web.click(locator) - executing click(locator)(${loc.goibibo.returndate})
2019-09-23 12:30:20,861|I|Thread-1|clicking '//div[@id='fare_20190920']'...
2019-09-23 12:30:20,905|I|Thread-1|click target via JS, @id=fare_20190920
2019-09-23 12:30:20,988|I|Thread-1|clicked -> true
2019-09-23 12:30:20,992|I|Thread-1|goibibo.20190923_122951.001|Scenario|Searching tickets|# 16|web.click(locator) - PASS click via JS event
2019-09-23 12:30:21,595|I|Thread-1|goibibo.20190923_122951.001|Scenario|Searching tickets|# 17|web.click(locator) - executing click(locator)(${loc.goibibo.travellersoption})
2019-09-23 12:30:21,685|I|Thread-1|clicking '//span[@id='pax_label']'...
2019-09-23 12:30:21,742|I|Thread-1|click target via JS, @id=pax_label
2019-09-23 12:30:21,855|I|Thread-1|clicked -> true
2019-09-23 12:30:21,862|I|Thread-1|goibibo.20190923_122951.001|Scenario|Searching tickets|# 17|web.click(locator) - PASS click via JS event
2019-09-23 12:30:22,467|I|Thread-1|goibibo.20190923_122951.001|Scenario|Searching tickets|# 18|web.click(locator) - executing click(locator)(${loc.goibibo.noofpassengers})
2019-09-23 12:30:22,540|I|Thread-1|clicking '//button[@id='childPaxPlus']	'...
2019-09-23 12:30:22,588|I|Thread-1|click target via JS, @id=childPaxPlus
2019-09-23 12:30:22,688|I|Thread-1|clicked -> true
2019-09-23 12:30:22,690|I|Thread-1|goibibo.20190923_122951.001|Scenario|Searching tickets|# 18|web.click(locator) - PASS click via JS event
2019-09-23 12:30:23,293|I|Thread-1|goibibo.20190923_122951.001|Scenario|Searching tickets|# 19|web.click(locator) - executing click(locator)(${loc.goibibo.closetravellersoption})
2019-09-23 12:30:23,381|I|Thread-1|clicking '//a[@class='icon-cancel-circle fr marginT10 marginR10 fr greyDr mobdn']			'...
2019-09-23 12:30:23,425|I|Thread-1|click target via JS, @id=pax_close
2019-09-23 12:30:23,514|I|Thread-1|clicked -> true
2019-09-23 12:30:23,517|I|Thread-1|goibibo.20190923_122951.001|Scenario|Searching tickets|# 19|web.click(locator) - PASS click via JS event
2019-09-23 12:30:24,118|I|Thread-1|goibibo.20190923_122951.001|Scenario|Searching tickets|# 20|web.click(locator) - executing click(locator)(${loc.goibibo.searchbutton})
2019-09-23 12:30:24,215|I|Thread-1|clicking '//div[@class='justifyCenter col-md-1 col-sm-12 dF padLR0']'...
2019-09-23 12:30:24,271|I|Thread-1|click target via JS, @id=
2019-09-23 12:30:24,347|I|Thread-1|clicked -> true
2019-09-23 12:30:24,350|I|Thread-1|goibibo.20190923_122951.001|Scenario|Searching tickets|# 20|web.click(locator) - PASS click via JS event
2019-09-23 12:30:24,808|I|Thread-1|[goibibo.20190923_122951.001|Scenario] saving test scenario
2019-09-23 12:30:25,000|I|Thread-1|[20190923_122950] 
/-TEST COMPLETE-----------------------------------------------------------------
| Test Output:    C:\projects\Automationprojects\output\20190923_122950\goibibo.20190923_122951.001.xlsx
| Iteration:      1
\-------------------------------------------------------------------------------
» Execution Time: 29191 ms
» Test Steps:     16
» Error(s):       0



2019-09-23 12:30:27,868|I|Thread-1|[20190923_122950] 
/-TEST COMPLETE-----------------------------------------------------------------
| Test Script:    C:\projects\Automationprojects\artifact\script\goibibo.xlsx
\-------------------------------------------------------------------------------
» Execution Time: 37643 ms
» Iterations:     [1] total 1
» Test Steps:     16
» Passed:         16
» Error(s):       0
» Iteration 1 of 1: C:\projects\Automationprojects\output\20190923_122950\goibibo.20190923_122951.001.xlsx



2019-09-23 12:30:28,251|I|main|[20190923_122950] [C:\projects\Automationprojects\artifact\script\goibibo.xlsx] now completed
2019-09-23 12:30:28,252|I|main|[20190923_122950] all execution thread(s) have terminated
2019-09-23 12:30:28,253|I|main|[20190923_122950] test run completed in about 38 seconds
2019-09-23 12:30:28,469|I|main|No predefined nexial-setup found
2019-09-23 12:30:28,635|I|main|outputBase not set; output-to-cloud DISABLED!
2019-09-23 12:30:28,640|I|main|accessKey not set; output-to-cloud DISABLED!
2019-09-23 12:30:28,641|I|main|secretKey not set; output-to-cloud DISABLED!
2019-09-23 12:30:28,645|I|main|generating HTML output for this execution to C:\projects\Automationprojects\output\20190923_122950\execution-output.html
2019-09-23 12:30:29,827|I|main|generating JUnit XML output for this execution to C:\projects\Automationprojects\output\20190923_122950\junit.xml
2019-09-23 12:30:29,882|I|main|generated JUnit report for this execution: C:\projects\Automationprojects\output\20190923_122950\junit.xml
2019-09-23 12:30:29,904|I|main|nexial mailer not enabled: nexial.enableEmail=false
2019-09-23 12:30:29,905|I|main|skipped email notification as configured
2019-09-23 12:30:29,907|I|main|exiting Nexial...
2019-09-23 12:30:29,908|I|main|shutdown starts...
2019-09-23 12:30:29,909|I|main|Shutting down 'chrome' webdriver...
2019-09-23 12:30:34,073|I|main|shutdown ends...
2019-09-23 12:30:34,085|I|main|

/-END OF EXECUTION--------------------------------------------------------------
| » Execution Time: 38 sec.
| » Test Steps....: 16
| » Passed........: 16
| » Failed........: 0
| » Success Rate..: 100.00%
\----------------------------------------------------------nexial-core 2.6_0632-

2019-09-23 12:30:34,096|I|main|ALL PASSED!
2019-09-23 12:30:34,103|I|main|End of Execution:
NEXIAL_OUTPUT:         C:\projects\Automationprojects\output\20190923_122950
NEXIAL_EXECUTION_HTML: C:\projects\Automationprojects\output\20190923_122950\execution-output.html
NEXIAL_JUNIT_XML:      C:\projects\Automationprojects\output\20190923_122950\junit.xml
NEXIAL_SUCCESS_RATE:   100.00%
NEXIAL_EXIT_STATUS:    0
