2019-09-23 12:27:37,063|I|Thread-1|(DELAYED) nexial-core 2.6_0632 starting up...
2019-09-23 12:27:37,069|I|Thread-1|(DELAYED) data file resolved as C:\Users\UNNAMA~1.S\AppData\Local\Temp\jJAWZ\goibibo.data.xlsx
2019-09-23 12:27:37,069|I|Thread-1|(DELAYED) input files and output directory resolved...
2019-09-23 12:27:37,069|I|Thread-1|(DELAYED) No predefined nexial-setup found
2019-09-23 12:27:37,069|I|Thread-1|(DELAYED) [20190923_122736] [C:\projects\Automationprojects\artifact\script\goibibo.xlsx] resolve RUN ID as 20190923_122736
2019-09-23 12:27:37,069|I|Thread-1|(DELAYED) [20190923_122736] [C:\projects\Automationprojects\artifact\script\goibibo.xlsx] new thread started
2019-09-23 12:27:37,070|I|Thread-1|No predefined nexial-setup found
2019-09-23 12:27:37,170|I|Thread-1|outputBase not set; output-to-cloud DISABLED!
2019-09-23 12:27:37,171|I|Thread-1|accessKey not set; output-to-cloud DISABLED!
2019-09-23 12:27:37,172|I|Thread-1|secretKey not set; output-to-cloud DISABLED!
2019-09-23 12:27:37,206|I|Thread-1|missing REQUIRED configuration; sms DISABLED!
2019-09-23 12:27:38,073|I|Thread-1|[20190923_122736] executing C:\projects\Automationprojects\artifact\script\goibibo.xlsx with 1 iteration(s)
2019-09-23 12:27:38,083|I|Thread-1|[20190923_122736] create directory C:\projects\Automationprojects\output\20190923_122736\captures
2019-09-23 12:27:38,085|I|Thread-1|[20190923_122736] create directory C:\projects\Automationprojects\output\20190923_122736\logs
2019-09-23 12:27:39,167|I|Thread-1|[20190923_122736] merging test data to tmp file C:\projects\Automationprojects\output\20190923_122736\goibibo.20190923_122738.001.xlsx
2019-09-23 12:27:39,168|I|Thread-1|refetching data from C:\projects\Automationprojects\artifact\data\goibibo.data.xlsx
2019-09-23 12:27:39,651|I|Thread-1|[20190923_122736] test script and test data merged to C:\projects\Automationprojects\output\20190923_122736\goibibo.20190923_122738.001.xlsx
2019-09-23 12:27:40,936|I|Thread-1|STARTS
2019-09-23 12:27:40,974|I|Thread-1|goibibo.20190923_122738.001 - executing iteration #1 of 1; Iteration Id 1
2019-09-23 12:27:40,984|I|Thread-1|goibibo.20190923_122738.001|Scenario - executing test scenario
2019-09-23 12:27:40,987|I|Thread-1|goibibo.20190923_122738.001|Scenario|Searching tickets - executing activity
2019-09-23 12:27:41,591|I|Thread-1|goibibo.20190923_122738.001|Scenario|Searching tickets|#  5|web.open(url) - executing open(url)(https://www.goibibo.com)
2019-09-23 12:27:41,596|I|Thread-1|No valid instance of webdriver, initializing...
2019-09-23 12:27:41,599|I|Thread-1|init chrome
2019-09-23 12:27:45,141|I|Thread-1|browser initialization completed for 'chrome'
2019-09-23 12:27:45,222|I|Thread-1|setting browser polling wait time to 800 ms
2019-09-23 12:27:45,271|I|Thread-1|setting browser page load timeout to 10000 ms
2019-09-23 12:27:52,772|I|Thread-1|current browser window handle:CDwindow-ECF6066411417038C85EE53F03D234C1
2019-09-23 12:27:52,909|I|Thread-1|goibibo.20190923_122738.001|Scenario|Searching tickets|#  5|web.open(url) - PASS opened URL https://www.goibibo.com
2019-09-23 12:27:53,523|I|Thread-1|goibibo.20190923_122738.001|Scenario|Searching tickets|#  6|web.maximizeWindow() - executing maximizeWindow()()
2019-09-23 12:27:54,802|I|Thread-1|goibibo.20190923_122738.001|Scenario|Searching tickets|#  6|web.maximizeWindow() - PASS browser window maximized
2019-09-23 12:27:55,497|I|Thread-1|goibibo.20190923_122738.001|Scenario|Searching tickets|#  7|web.click(locator) - executing click(locator)(${loc.goibibo.from})
2019-09-23 12:27:55,699|I|Thread-1|clicking '//input[@id='gosuggest_inputSrc']'...
2019-09-23 12:27:55,793|I|Thread-1|click target via JS, @id=gosuggest_inputSrc
2019-09-23 12:27:55,888|I|Thread-1|clicked -> true
2019-09-23 12:27:56,169|I|Thread-1|goibibo.20190923_122738.001|Scenario|Searching tickets|#  7|web.click(locator) - PASS click via JS event
2019-09-23 12:27:56,770|I|Thread-1|goibibo.20190923_122738.001|Scenario|Searching tickets|#  8|web.type(locator,value) - executing type(locator,value)(${loc.goibibo.from}, ${fromcity})
2019-09-23 12:27:57,362|I|Thread-1|goibibo.20190923_122738.001|Scenario|Searching tickets|#  8|web.type(locator,value) - PASS typed text at '//input[@id='gosuggest_inputSrc']'
2019-09-23 12:27:57,970|I|Thread-1|goibibo.20190923_122738.001|Scenario|Searching tickets|#  9|web.typeKeys(locator,valu - executing typeKeys(locator,value)(${loc.goibibo.from}, ${downkeyword})
2019-09-23 12:27:58,724|I|Thread-1|goibibo.20190923_122738.001|Scenario|Searching tickets|#  9|web.typeKeys(locator,valu - PASS typed text at '//input[@id='gosuggest_inputSrc']'
2019-09-23 12:27:59,348|I|Thread-1|goibibo.20190923_122738.001|Scenario|Searching tickets|# 10|web.click(locator) - executing click(locator)(${loc.goibibo.from})
2019-09-23 12:27:59,406|I|Thread-1|clicking '//input[@id='gosuggest_inputSrc']'...
2019-09-23 12:27:59,440|I|Thread-1|click target via JS, @id=gosuggest_inputSrc
2019-09-23 12:27:59,495|I|Thread-1|clicked -> true
2019-09-23 12:27:59,500|I|Thread-1|goibibo.20190923_122738.001|Scenario|Searching tickets|# 10|web.click(locator) - PASS click via JS event
2019-09-23 12:28:00,103|I|Thread-1|goibibo.20190923_122738.001|Scenario|Searching tickets|# 11|web.type(locator,value) - executing type(locator,value)(${loc.goibibo.destination}, ${destination})
2019-09-23 12:28:00,575|I|Thread-1|goibibo.20190923_122738.001|Scenario|Searching tickets|# 11|web.type(locator,value) - PASS typed text at '//input[@id='gosuggest_inputDest']'
2019-09-23 12:28:01,180|I|Thread-1|goibibo.20190923_122738.001|Scenario|Searching tickets|# 12|web.typeKeys(locator,valu - executing typeKeys(locator,value)(${loc.goibibo.destination}, ${downkeyword})
2019-09-23 12:28:01,908|I|Thread-1|goibibo.20190923_122738.001|Scenario|Searching tickets|# 12|web.typeKeys(locator,valu - PASS typed text at '//input[@id='gosuggest_inputDest']'
2019-09-23 12:28:02,513|I|Thread-1|goibibo.20190923_122738.001|Scenario|Searching tickets|# 13|web.typeKeys(locator,valu - executing typeKeys(locator,value)(${loc.goibibo.destination}, {ENTER})
2019-09-23 12:28:03,304|I|Thread-1|goibibo.20190923_122738.001|Scenario|Searching tickets|# 13|web.typeKeys(locator,valu - PASS typed text at '//input[@id='gosuggest_inputDest']'
2019-09-23 12:28:03,910|I|Thread-1|goibibo.20190923_122738.001|Scenario|Searching tickets|# 14|web.click(locator) - executing click(locator)(${loc.goibibo.departure})
2019-09-23 12:28:03,990|I|Thread-1|clicking '//div[@id='fare_20190914']'...
2019-09-23 12:28:04,039|I|Thread-1|click target via JS, @id=fare_20190914
2019-09-23 12:28:04,121|I|Thread-1|clicked -> true
2019-09-23 12:28:04,124|I|Thread-1|goibibo.20190923_122738.001|Scenario|Searching tickets|# 14|web.click(locator) - PASS click via JS event
2019-09-23 12:28:04,726|I|Thread-1|goibibo.20190923_122738.001|Scenario|Searching tickets|# 15|web.click(locator) - executing click(locator)(${loc.goibibo.returncalender})
2019-09-23 12:28:04,811|I|Thread-1|clicking '//input[@id='returnCalendar']	'...
2019-09-23 12:28:04,863|I|Thread-1|click target via JS, @id=returnCalendar
2019-09-23 12:28:04,993|I|Thread-1|clicked -> true
2019-09-23 12:28:04,995|I|Thread-1|goibibo.20190923_122738.001|Scenario|Searching tickets|# 15|web.click(locator) - PASS click via JS event
2019-09-23 12:28:05,598|I|Thread-1|goibibo.20190923_122738.001|Scenario|Searching tickets|# 16|web.click(locator) - executing click(locator)(${loc.goibibo.returndate})
2019-09-23 12:28:05,672|I|Thread-1|clicking '//div[@id='fare_20190920']'...
2019-09-23 12:28:05,717|I|Thread-1|click target via JS, @id=fare_20190920
2019-09-23 12:28:05,798|I|Thread-1|clicked -> true
2019-09-23 12:28:05,800|I|Thread-1|goibibo.20190923_122738.001|Scenario|Searching tickets|# 16|web.click(locator) - PASS click via JS event
2019-09-23 12:28:06,404|I|Thread-1|goibibo.20190923_122738.001|Scenario|Searching tickets|# 17|web.click(locator) - executing click(locator)(${loc.goibibo.travellersoption})
2019-09-23 12:28:06,472|I|Thread-1|clicking '//span[@id='pax_label']'...
2019-09-23 12:28:06,526|I|Thread-1|click target via JS, @id=pax_label
2019-09-23 12:28:06,623|I|Thread-1|clicked -> true
2019-09-23 12:28:06,626|I|Thread-1|goibibo.20190923_122738.001|Scenario|Searching tickets|# 17|web.click(locator) - PASS click via JS event
2019-09-23 12:28:07,231|I|Thread-1|goibibo.20190923_122738.001|Scenario|Searching tickets|# 18|web.click(locator) - executing click(locator)(${loc.goibibo.noofpassengers})
2019-09-23 12:28:07,303|I|Thread-1|clicking '//button[@id='childPaxPlus']	'...
2019-09-23 12:28:07,348|I|Thread-1|click target via JS, @id=childPaxPlus
2019-09-23 12:28:07,441|I|Thread-1|clicked -> true
2019-09-23 12:28:07,445|I|Thread-1|goibibo.20190923_122738.001|Scenario|Searching tickets|# 18|web.click(locator) - PASS click via JS event
2019-09-23 12:28:08,048|I|Thread-1|goibibo.20190923_122738.001|Scenario|Searching tickets|# 19|web.click(locator) - executing click(locator)(${loc.goibibo.closetravellersoption})
2019-09-23 12:28:08,128|I|Thread-1|clicking '//a[@class='icon-cancel-circle fr marginT10 marginR10 fr greyDr mobdn']			'...
2019-09-23 12:28:08,176|I|Thread-1|click target via JS, @id=pax_close
2019-09-23 12:28:08,262|I|Thread-1|clicked -> true
2019-09-23 12:28:08,264|I|Thread-1|goibibo.20190923_122738.001|Scenario|Searching tickets|# 19|web.click(locator) - PASS click via JS event
2019-09-23 12:28:08,866|I|Thread-1|goibibo.20190923_122738.001|Scenario|Searching tickets|# 20|web.click(locator) - executing click(locator)(${loc.goibibo.searchbutton})
2019-09-23 12:28:08,948|I|Thread-1|clicking '//div[@class='justifyCenter col-md-1 col-sm-12 dF padLR0']'...
2019-09-23 12:28:09,000|I|Thread-1|click target via JS, @id=
2019-09-23 12:28:09,073|I|Thread-1|clicked -> true
2019-09-23 12:28:09,075|I|Thread-1|goibibo.20190923_122738.001|Scenario|Searching tickets|# 20|web.click(locator) - PASS click via JS event
2019-09-23 12:28:09,498|I|Thread-1|[goibibo.20190923_122738.001|Scenario] saving test scenario
2019-09-23 12:28:09,696|I|Thread-1|[20190923_122736] 
/-TEST COMPLETE-----------------------------------------------------------------
| Test Output:    C:\projects\Automationprojects\output\20190923_122736\goibibo.20190923_122738.001.xlsx
| Iteration:      1
\-------------------------------------------------------------------------------
» Execution Time: 28711 ms
» Test Steps:     16
» Error(s):       0



2019-09-23 12:28:12,402|I|Thread-1|[20190923_122736] 
/-TEST COMPLETE-----------------------------------------------------------------
| Test Script:    C:\projects\Automationprojects\artifact\script\goibibo.xlsx
\-------------------------------------------------------------------------------
» Execution Time: 35557 ms
» Iterations:     [1] total 1
» Test Steps:     16
» Passed:         16
» Error(s):       0
» Iteration 1 of 1: C:\projects\Automationprojects\output\20190923_122736\goibibo.20190923_122738.001.xlsx



2019-09-23 12:28:12,879|I|main|[20190923_122736] [C:\projects\Automationprojects\artifact\script\goibibo.xlsx] now completed
2019-09-23 12:28:12,880|I|main|[20190923_122736] all execution thread(s) have terminated
2019-09-23 12:28:12,881|I|main|[20190923_122736] test run completed in about 36 seconds
2019-09-23 12:28:13,008|I|main|No predefined nexial-setup found
2019-09-23 12:28:13,078|I|main|outputBase not set; output-to-cloud DISABLED!
2019-09-23 12:28:13,081|I|main|accessKey not set; output-to-cloud DISABLED!
2019-09-23 12:28:13,082|I|main|secretKey not set; output-to-cloud DISABLED!
2019-09-23 12:28:13,084|I|main|generating HTML output for this execution to C:\projects\Automationprojects\output\20190923_122736\execution-output.html
2019-09-23 12:28:14,119|I|main|generating JUnit XML output for this execution to C:\projects\Automationprojects\output\20190923_122736\junit.xml
2019-09-23 12:28:14,174|I|main|generated JUnit report for this execution: C:\projects\Automationprojects\output\20190923_122736\junit.xml
2019-09-23 12:28:14,194|I|main|nexial mailer not enabled: nexial.enableEmail=false
2019-09-23 12:28:14,195|I|main|skipped email notification as configured
2019-09-23 12:28:14,198|I|main|exiting Nexial...
2019-09-23 12:28:14,198|I|main|shutdown starts...
2019-09-23 12:28:14,199|I|main|Shutting down 'chrome' webdriver...
2019-09-23 12:28:19,973|I|main|shutdown ends...
2019-09-23 12:28:19,985|I|main|

/-END OF EXECUTION--------------------------------------------------------------
| » Execution Time: 36 sec.
| » Test Steps....: 16
| » Passed........: 16
| » Failed........: 0
| » Success Rate..: 100.00%
\----------------------------------------------------------nexial-core 2.6_0632-

2019-09-23 12:28:19,988|I|main|ALL PASSED!
2019-09-23 12:28:19,992|I|main|End of Execution:
NEXIAL_OUTPUT:         C:\projects\Automationprojects\output\20190923_122736
NEXIAL_EXECUTION_HTML: C:\projects\Automationprojects\output\20190923_122736\execution-output.html
NEXIAL_JUNIT_XML:      C:\projects\Automationprojects\output\20190923_122736\junit.xml
NEXIAL_SUCCESS_RATE:   100.00%
NEXIAL_EXIT_STATUS:    0
