2019-09-23 17:59:44,298|I|Thread-1|(DELAYED) nexial-core 2.6_0632 starting up...
2019-09-23 17:59:44,305|I|Thread-1|(DELAYED) data file resolved as C:\Users\UNNAMA~1.S\AppData\Local\Temp\DqywS\BaseCommand.data.xlsx
2019-09-23 17:59:44,305|I|Thread-1|(DELAYED) input files and output directory resolved...
2019-09-23 17:59:44,305|I|Thread-1|(DELAYED) No predefined nexial-setup found
2019-09-23 17:59:44,305|I|Thread-1|(DELAYED) [20190923_175943] [C:\projects\Automationprojects\artifact\script\BaseCommand.xlsx] resolve RUN ID as 20190923_175943
2019-09-23 17:59:44,305|I|Thread-1|(DELAYED) [20190923_175943] [C:\projects\Automationprojects\artifact\script\BaseCommand.xlsx] new thread started
2019-09-23 17:59:44,320|I|Thread-1|No predefined nexial-setup found
2019-09-23 17:59:44,410|I|Thread-1|outputBase not set; output-to-cloud DISABLED!
2019-09-23 17:59:44,411|I|Thread-1|accessKey not set; output-to-cloud DISABLED!
2019-09-23 17:59:44,412|I|Thread-1|secretKey not set; output-to-cloud DISABLED!
2019-09-23 17:59:44,447|I|Thread-1|missing REQUIRED configuration; sms DISABLED!
2019-09-23 17:59:45,312|I|Thread-1|[20190923_175943] executing C:\projects\Automationprojects\artifact\script\BaseCommand.xlsx with 1 iteration(s)
2019-09-23 17:59:45,323|I|Thread-1|[20190923_175943] create directory C:\projects\Automationprojects\output\20190923_175943\captures
2019-09-23 17:59:45,325|I|Thread-1|[20190923_175943] create directory C:\projects\Automationprojects\output\20190923_175943\logs
2019-09-23 17:59:46,031|I|Thread-1|[20190923_175943] merging test data to tmp file C:\projects\Automationprojects\output\20190923_175943\BaseCommand.20190923_175945.001.xlsx
2019-09-23 17:59:46,034|I|Thread-1|refetching data from C:\projects\Automationprojects\artifact\data\BaseCommand.data.xlsx
2019-09-23 17:59:46,443|I|Thread-1|[20190923_175943] test script and test data merged to C:\projects\Automationprojects\output\20190923_175943\BaseCommand.20190923_175945.001.xlsx
2019-09-23 17:59:47,415|I|Thread-1|STARTS
2019-09-23 17:59:47,447|I|Thread-1|BaseCommand.20190923_175945.001 - executing iteration #1 of 1; Iteration Id 1
2019-09-23 17:59:47,461|I|Thread-1|BaseCommand.20190923_175945.001|Scenario - executing test scenario
2019-09-23 17:59:47,463|I|Thread-1|BaseCommand.20190923_175945.001|Scenario|base - executing activity
2019-09-23 17:59:48,066|I|Thread-1|BaseCommand.20190923_175945.001|Scenario|base|#  5|base.appendText(var,appen - executing appendText(var,appendWith)(var, sxax,xsx,sxsx)
2019-09-23 17:59:48,075|I|Thread-1|BaseCommand.20190923_175945.001|Scenario|base|#  5|base.appendText(var,appen - PASS appended 'sxax,xsx,sxsx' to ${var}
2019-09-23 17:59:48,679|I|Thread-1|BaseCommand.20190923_175945.001|Scenario|base|#  6|base.assertEqual(expected - executing assertEqual(expected,actual)(${var}, sxax,xsx,sxsx)
2019-09-23 17:59:48,917|I|Thread-1|BaseCommand.20190923_175945.001|Scenario|base|#  6|base.assertEqual(expected - PASS validated EXPECTED = ACTUAL; 'sxax,xsx,sxsx' = 'sxax,xsx,sxsx'
2019-09-23 17:59:49,520|I|Thread-1|BaseCommand.20190923_175945.001|Scenario|base|#  7|base.save(var,value) - executing save(var,value)(var1, ${var2})
2019-09-23 17:59:49,543|I|Thread-1|BaseCommand.20190923_175945.001|Scenario|base|#  7|base.save(var,value) - PASS stored 'unna' as ${var1}
2019-09-23 17:59:50,151|I|Thread-1|BaseCommand.20190923_175945.001|Scenario|base|#  8|base.assertEqual(expected - executing assertEqual(expected,actual)(${var1}, unna)
2019-09-23 17:59:50,170|I|Thread-1|BaseCommand.20190923_175945.001|Scenario|base|#  8|base.assertEqual(expected - PASS validated EXPECTED = ACTUAL; 'unna' = 'unna'
2019-09-23 17:59:50,779|I|Thread-1|BaseCommand.20190923_175945.001|Scenario|base|#  9|base.prependText(var,prep - executing prependText(var,prependWith)(var1, senthil,)
2019-09-23 17:59:50,791|I|Thread-1|BaseCommand.20190923_175945.001|Scenario|base|#  9|base.prependText(var,prep - PASS prepend 'senthil, to ${var1}
2019-09-23 17:59:51,409|I|Thread-1|BaseCommand.20190923_175945.001|Scenario|base|# 10|base.appendText(var,appen - executing appendText(var,appendWith)(var1, !!!)
2019-09-23 17:59:51,419|I|Thread-1|BaseCommand.20190923_175945.001|Scenario|base|# 10|base.appendText(var,appen - PASS appended '!!!' to ${var1}
2019-09-23 17:59:52,033|I|Thread-1|BaseCommand.20190923_175945.001|Scenario|base|# 11|base.assertEqual(expected - executing assertEqual(expected,actual)(${var1}, senthil,unna!!!)
2019-09-23 17:59:52,050|I|Thread-1|BaseCommand.20190923_175945.001|Scenario|base|# 11|base.assertEqual(expected - PASS validated EXPECTED = ACTUAL; 'senthil,unna!!!' = 'senthil,unna!!!'
2019-09-23 17:59:52,661|I|Thread-1|BaseCommand.20190923_175945.001|Scenario|base|# 12|base.verbose(text) - executing verbose(text)(Hello ${var1})
2019-09-23 17:59:52,676|I|Thread-1|BaseCommand.20190923_175945.001|Scenario|base|# 12|base.verbose(text) - Hello senthil,unna!!!
2019-09-23 17:59:52,699|I|Thread-1|BaseCommand.20190923_175945.001|Scenario|base|# 12|base.verbose(text) - PASS 
2019-09-23 17:59:52,927|I|Thread-1|[BaseCommand.20190923_175945.001|Scenario] saving test scenario
2019-09-23 17:59:53,058|I|Thread-1|[20190923_175943] 
/-TEST COMPLETE-----------------------------------------------------------------
| Test Output:    C:\projects\Automationprojects\output\20190923_175943\BaseCommand.20190923_175945.001.xlsx
| Iteration:      1
\-------------------------------------------------------------------------------
» Execution Time: 5593 ms
» Test Steps:     8
» Error(s):       0



2019-09-23 17:59:54,925|I|Thread-1|[20190923_175943] 
/-TEST COMPLETE-----------------------------------------------------------------
| Test Script:    C:\projects\Automationprojects\artifact\script\BaseCommand.xlsx
\-------------------------------------------------------------------------------
» Execution Time: 10855 ms
» Iterations:     [1] total 1
» Test Steps:     8
» Passed:         8
» Error(s):       0
» Iteration 1 of 1: C:\projects\Automationprojects\output\20190923_175943\BaseCommand.20190923_175945.001.xlsx



2019-09-23 17:59:55,008|I|main|[20190923_175943] [C:\projects\Automationprojects\artifact\script\BaseCommand.xlsx] now completed
2019-09-23 17:59:55,013|I|main|[20190923_175943] all execution thread(s) have terminated
2019-09-23 17:59:55,016|I|main|[20190923_175943] test run completed in about 11 seconds
2019-09-23 17:59:55,117|I|main|No predefined nexial-setup found
2019-09-23 17:59:55,157|I|main|outputBase not set; output-to-cloud DISABLED!
2019-09-23 17:59:55,159|I|main|accessKey not set; output-to-cloud DISABLED!
2019-09-23 17:59:55,160|I|main|secretKey not set; output-to-cloud DISABLED!
2019-09-23 17:59:55,162|I|main|generating HTML output for this execution to C:\projects\Automationprojects\output\20190923_175943\execution-output.html
2019-09-23 17:59:55,881|I|main|generating JUnit XML output for this execution to C:\projects\Automationprojects\output\20190923_175943\junit.xml
2019-09-23 17:59:55,928|I|main|generated JUnit report for this execution: C:\projects\Automationprojects\output\20190923_175943\junit.xml
2019-09-23 17:59:55,944|I|main|nexial mailer not enabled: nexial.enableEmail=false
2019-09-23 17:59:55,945|I|main|skipped email notification as configured
2019-09-23 17:59:55,954|I|main|exiting Nexial...
2019-09-23 17:59:55,960|I|main|

/-END OF EXECUTION--------------------------------------------------------------
| » Execution Time: 11 sec.
| » Test Steps....: 8
| » Passed........: 8
| » Failed........: 0
| » Success Rate..: 100.00%
\----------------------------------------------------------nexial-core 2.6_0632-

2019-09-23 17:59:55,961|I|main|ALL PASSED!
2019-09-23 17:59:55,980|I|main|End of Execution:
NEXIAL_OUTPUT:         C:\projects\Automationprojects\output\20190923_175943
NEXIAL_EXECUTION_HTML: C:\projects\Automationprojects\output\20190923_175943\execution-output.html
NEXIAL_JUNIT_XML:      C:\projects\Automationprojects\output\20190923_175943\junit.xml
NEXIAL_SUCCESS_RATE:   100.00%
NEXIAL_EXIT_STATUS:    0
