2019-09-23 12:50:34,391|I|Thread-1|(DELAYED) nexial-core 2.6_0632 starting up...
2019-09-23 12:50:34,395|I|Thread-1|(DELAYED) data file resolved as C:\Users\UNNAMA~1.S\AppData\Local\Temp\vQKln\gmailautomation.data.xlsx
2019-09-23 12:50:34,396|I|Thread-1|(DELAYED) input files and output directory resolved...
2019-09-23 12:50:34,397|I|Thread-1|(DELAYED) No predefined nexial-setup found
2019-09-23 12:50:34,397|I|Thread-1|(DELAYED) [20190923_125034] [C:\projects\Automationprojects\artifact\script\gmailautomation.xlsx] resolve RUN ID as 20190923_125034
2019-09-23 12:50:34,398|I|Thread-1|(DELAYED) [20190923_125034] [C:\projects\Automationprojects\artifact\script\gmailautomation.xlsx] new thread started
2019-09-23 12:50:34,398|I|Thread-1|No predefined nexial-setup found
2019-09-23 12:50:34,513|I|Thread-1|outputBase not set; output-to-cloud DISABLED!
2019-09-23 12:50:34,513|I|Thread-1|accessKey not set; output-to-cloud DISABLED!
2019-09-23 12:50:34,514|I|Thread-1|secretKey not set; output-to-cloud DISABLED!
2019-09-23 12:50:34,540|I|Thread-1|missing REQUIRED configuration; sms DISABLED!
2019-09-23 12:50:35,519|I|Thread-1|[20190923_125034] executing C:\projects\Automationprojects\artifact\script\gmailautomation.xlsx with 1 iteration(s)
2019-09-23 12:50:35,526|I|Thread-1|[20190923_125034] create directory C:\projects\Automationprojects\output\20190923_125034\captures
2019-09-23 12:50:35,531|I|Thread-1|[20190923_125034] create directory C:\projects\Automationprojects\output\20190923_125034\logs
2019-09-23 12:50:37,332|I|Thread-1|[20190923_125034] merging test data to tmp file C:\projects\Automationprojects\output\20190923_125034\gmailautomation.20190923_125035.001.xlsx
2019-09-23 12:50:37,333|I|Thread-1|refetching data from C:\projects\Automationprojects\artifact\data\gmailautomation.data.xlsx
2019-09-23 12:50:37,793|I|Thread-1|[20190923_125034] test script and test data merged to C:\projects\Automationprojects\output\20190923_125034\gmailautomation.20190923_125035.001.xlsx
2019-09-23 12:50:38,455|I|Thread-1|STARTS
2019-09-23 12:50:38,487|I|Thread-1|gmailautomation.20190923_125035.001 - executing iteration #1 of 1; Iteration Id 1
2019-09-23 12:50:38,500|I|Thread-1|gmailautomation.20190923_125035.001|Scenario - executing test scenario
2019-09-23 12:50:38,502|I|Thread-1|gmailautomation.20190923_125035.001|Scenario|Login - executing activity
2019-09-23 12:50:39,106|I|Thread-1|gmailautomation.20190923_125035.001|Scenario|Login|#  5|web.open(url) - executing open(url)(${gmailloginURL})
2019-09-23 12:50:39,112|I|Thread-1|No valid instance of webdriver, initializing...
2019-09-23 12:50:39,117|I|Thread-1|init chrome
2019-09-23 12:50:42,720|I|Thread-1|browser initialization completed for 'chrome'
2019-09-23 12:50:42,782|I|Thread-1|setting browser polling wait time to 800 ms
2019-09-23 12:50:42,824|I|Thread-1|setting browser page load timeout to 10000 ms
2019-09-23 12:50:46,830|I|Thread-1|current browser window handle:CDwindow-8EE6318ACF64FCD6BB2C8801B048387F
2019-09-23 12:50:49,963|I|Thread-1|gmailautomation.20190923_125035.001|Scenario|Login|#  5|web.open(url) - PASS opened URL https://accounts.google.com/signin/v2/identifier?flowName=GlifWebSignIn&flowEntry=ServiceLogin
2019-09-23 12:50:50,596|I|Thread-1|gmailautomation.20190923_125035.001|Scenario|Login|#  6|web.maximizeWindow() - executing maximizeWindow()()
2019-09-23 12:50:51,802|I|Thread-1|gmailautomation.20190923_125035.001|Scenario|Login|#  6|web.maximizeWindow() - PASS browser window maximized
2019-09-23 12:50:52,408|I|Thread-1|gmailautomation.20190923_125035.001|Scenario|Login|#  7|web.type(locator,value) - executing type(locator,value)(${loc.gmail.username}, ${username})
2019-09-23 12:50:53,021|I|Thread-1|gmailautomation.20190923_125035.001|Scenario|Login|#  7|web.type(locator,value) - PASS typed text at '(//input[@class='whsOnd zHQkBf'])[1]'
2019-09-23 12:50:53,625|I|Thread-1|gmailautomation.20190923_125035.001|Scenario|Login|#  8|web.screenshot(file,locat - executing screenshot(file,locator)(${Filepath}, ${loc.gmail.username})
2019-09-23 12:50:54,736|I|Thread-1|gmailautomation.20190923_125035.001|Scenario|Login|#  8|web.screenshot(file,locat - PASS Image captured for '(//input[@class='whsOnd zHQkBf'])[1]' to file 'C:\projects\Automationprojects\Screenshots\pics.png'
2019-09-23 12:50:55,340|I|Thread-1|gmailautomation.20190923_125035.001|Scenario|Login|#  9|web.click(locator) - executing click(locator)(${loc.gmail.next})
2019-09-23 12:50:55,410|I|Thread-1|clicking '//span[@class='RveJvd snByac']'...
2019-09-23 12:50:55,459|I|Thread-1|click target via JS, @id=
2019-09-23 12:50:55,616|I|Thread-1|clicked -> true
2019-09-23 12:50:55,620|I|Thread-1|gmailautomation.20190923_125035.001|Scenario|Login|#  9|web.click(locator) - PASS click via JS event
2019-09-23 12:50:56,224|I|Thread-1|gmailautomation.20190923_125035.001|Scenario|Login|# 10|web.type(locator,value) - executing type(locator,value)(${loc.gmail.password}, ${password})
2019-09-23 12:50:56,958|I|Thread-1|gmailautomation.20190923_125035.001|Scenario|Login|# 10|web.type(locator,value) - PASS typed text at '//input[@aria-label='Enter your password']'
2019-09-23 12:50:57,563|I|Thread-1|gmailautomation.20190923_125035.001|Scenario|Login|# 11|web.screenshot(file,locat - executing screenshot(file,locator)(${Filepath}, ${loc.gmail.password})
2019-09-23 12:50:58,411|I|Thread-1|gmailautomation.20190923_125035.001|Scenario|Login|# 11|web.screenshot(file,locat - PASS Image captured for '//input[@aria-label='Enter your password']' to file 'C:\projects\Automationprojects\Screenshots\pics.png'
2019-09-23 12:50:59,016|I|Thread-1|gmailautomation.20190923_125035.001|Scenario|Login|# 12|web.click(locator) - executing click(locator)(${loc.gmail.password.next})
2019-09-23 12:50:59,096|I|Thread-1|clicking '(//span[@class='RveJvd snByac'])[1]'...
2019-09-23 12:50:59,148|I|Thread-1|click target via JS, @id=
2019-09-23 12:50:59,290|I|Thread-1|clicked -> true
2019-09-23 12:50:59,294|I|Thread-1|gmailautomation.20190923_125035.001|Scenario|Login|# 12|web.click(locator) - PASS click via JS event
2019-09-23 12:50:59,917|I|Thread-1|[gmailautomation.20190923_125035.001|Scenario] saving test scenario
2019-09-23 12:51:00,595|I|Thread-1|[20190923_125034] 
/-TEST COMPLETE-----------------------------------------------------------------
| Test Output:    C:\projects\Automationprojects\output\20190923_125034\gmailautomation.20190923_125035.001.xlsx
| Iteration:      1
\-------------------------------------------------------------------------------
» Execution Time: 21996 ms
» Test Steps:     8
» Error(s):       0



2019-09-23 12:51:02,546|I|Thread-1|[20190923_125034] 
/-TEST COMPLETE-----------------------------------------------------------------
| Test Script:    C:\projects\Automationprojects\artifact\script\gmailautomation.xlsx
\-------------------------------------------------------------------------------
» Execution Time: 28390 ms
» Iterations:     [1] total 1
» Test Steps:     8
» Passed:         8
» Error(s):       0
» Iteration 1 of 1: C:\projects\Automationprojects\output\20190923_125034\gmailautomation.20190923_125035.001.xlsx



2019-09-23 12:51:03,295|I|main|[20190923_125034] [C:\projects\Automationprojects\artifact\script\gmailautomation.xlsx] now completed
2019-09-23 12:51:03,297|I|main|[20190923_125034] all execution thread(s) have terminated
2019-09-23 12:51:03,298|I|main|[20190923_125034] test run completed in about 29 seconds
2019-09-23 12:51:03,506|I|main|No predefined nexial-setup found
2019-09-23 12:51:03,625|I|main|outputBase not set; output-to-cloud DISABLED!
2019-09-23 12:51:03,634|I|main|accessKey not set; output-to-cloud DISABLED!
2019-09-23 12:51:03,637|I|main|secretKey not set; output-to-cloud DISABLED!
2019-09-23 12:51:03,642|I|main|generating HTML output for this execution to C:\projects\Automationprojects\output\20190923_125034\execution-output.html
2019-09-23 12:51:05,301|I|main|generating JUnit XML output for this execution to C:\projects\Automationprojects\output\20190923_125034\junit.xml
2019-09-23 12:51:05,438|I|main|generated JUnit report for this execution: C:\projects\Automationprojects\output\20190923_125034\junit.xml
2019-09-23 12:51:05,440|I|main|nexial mailer not enabled: nexial.enableEmail=false
2019-09-23 12:51:05,443|I|main|skipped email notification as configured
2019-09-23 12:51:05,450|I|main|exiting Nexial...
2019-09-23 12:51:05,458|I|main|shutdown starts...
2019-09-23 12:51:05,466|I|main|Shutting down 'chrome' webdriver...
2019-09-23 12:51:11,555|I|main|shutdown ends...
2019-09-23 12:51:11,560|I|main|

/-END OF EXECUTION--------------------------------------------------------------
| » Execution Time: 29 sec.
| » Test Steps....: 8
| » Passed........: 8
| » Failed........: 0
| » Success Rate..: 100.00%
\----------------------------------------------------------nexial-core 2.6_0632-

2019-09-23 12:51:11,563|I|main|ALL PASSED!
2019-09-23 12:51:11,577|I|main|End of Execution:
NEXIAL_OUTPUT:         C:\projects\Automationprojects\output\20190923_125034
NEXIAL_EXECUTION_HTML: C:\projects\Automationprojects\output\20190923_125034\execution-output.html
NEXIAL_JUNIT_XML:      C:\projects\Automationprojects\output\20190923_125034\junit.xml
NEXIAL_SUCCESS_RATE:   100.00%
NEXIAL_EXIT_STATUS:    0
